<?xml version="1.0" encoding="UTF-8"?>

<BugCollection version="2.0.2-rc2" sequence="0" timestamp="1196170272000" analysisTimestamp="1360868778911" release="">
  <Project projectName="">
    <Jar>/Users/bkarak/devel/repositories/maven/maven/org/eclipse/jdt/junit/3.2.1-r321_v20060810/junit-3.2.1-r321_v20060810.jar</Jar>
  </Project>
  <BugInstance type="DM_STRING_VOID_CTOR" priority="2" abbrev="Dm" category="PERFORMANCE">
    <Class classname="org.eclipse.jdt.internal.junit.buildpath.JUnitContainerWizardPage">
      <SourceLine classname="org.eclipse.jdt.internal.junit.buildpath.JUnitContainerWizardPage" start="54" end="182" sourcefile="JUnitContainerWizardPage.java" sourcepath="org/eclipse/jdt/internal/junit/buildpath/JUnitContainerWizardPage.java"/>
    </Class>
    <Method classname="org.eclipse.jdt.internal.junit.buildpath.JUnitContainerWizardPage" name="doSelectionChanged" signature="()V" isStatic="false">
      <SourceLine classname="org.eclipse.jdt.internal.junit.buildpath.JUnitContainerWizardPage" start="146" end="175" startBytecode="0" endBytecode="317" sourcefile="JUnitContainerWizardPage.java" sourcepath="org/eclipse/jdt/internal/junit/buildpath/JUnitContainerWizardPage.java"/>
    </Method>
    <SourceLine classname="org.eclipse.jdt.internal.junit.buildpath.JUnitContainerWizardPage" start="171" end="171" startBytecode="146" endBytecode="146" sourcefile="JUnitContainerWizardPage.java" sourcepath="org/eclipse/jdt/internal/junit/buildpath/JUnitContainerWizardPage.java"/>
  </BugInstance>
  <BugInstance type="SBSC_USE_STRINGBUFFER_CONCATENATION" priority="2" abbrev="SBSC" category="PERFORMANCE">
    <Class classname="org.eclipse.jdt.internal.junit.buildpath.JUnitContainerWizardPage">
      <SourceLine classname="org.eclipse.jdt.internal.junit.buildpath.JUnitContainerWizardPage" start="54" end="182" sourcefile="JUnitContainerWizardPage.java" sourcepath="org/eclipse/jdt/internal/junit/buildpath/JUnitContainerWizardPage.java"/>
    </Class>
    <Method classname="org.eclipse.jdt.internal.junit.buildpath.JUnitContainerWizardPage" name="getPlaceholderProject" signature="()Lorg/eclipse/jdt/core/IJavaProject;" isStatic="true">
      <SourceLine classname="org.eclipse.jdt.internal.junit.buildpath.JUnitContainerWizardPage" start="63" end="65" startBytecode="0" endBytecode="142" sourcefile="JUnitContainerWizardPage.java" sourcepath="org/eclipse/jdt/internal/junit/buildpath/JUnitContainerWizardPage.java"/>
    </Method>
    <SourceLine classname="org.eclipse.jdt.internal.junit.buildpath.JUnitContainerWizardPage" start="70" end="70" startBytecode="34" endBytecode="34" sourcefile="JUnitContainerWizardPage.java" sourcepath="org/eclipse/jdt/internal/junit/buildpath/JUnitContainerWizardPage.java"/>
  </BugInstance>
  <BugInstance type="SE_COMPARATOR_SHOULD_BE_SERIALIZABLE" priority="2" abbrev="Se" category="BAD_PRACTICE">
    <Class classname="org.eclipse.jdt.internal.junit.launcher.ContainerComparator">
      <SourceLine classname="org.eclipse.jdt.internal.junit.launcher.ContainerComparator" start="15" end="24" sourcefile="ContainerComparator.java" sourcepath="org/eclipse/jdt/internal/junit/launcher/ContainerComparator.java"/>
    </Class>
  </BugInstance>
  <BugInstance type="SBSC_USE_STRINGBUFFER_CONCATENATION" priority="2" abbrev="SBSC" category="PERFORMANCE">
    <Class classname="org.eclipse.jdt.internal.junit.launcher.JUnit4TestFinder$Annotation">
      <SourceLine classname="org.eclipse.jdt.internal.junit.launcher.JUnit4TestFinder$Annotation" start="42" end="94" sourcefile="JUnit4TestFinder.java" sourcepath="org/eclipse/jdt/internal/junit/launcher/JUnit4TestFinder.java"/>
    </Class>
    <Method classname="org.eclipse.jdt.internal.junit.launcher.JUnit4TestFinder$Annotation" name="foundIn" signature="(Ljava/lang/String;)Z" isStatic="false">
      <SourceLine classname="org.eclipse.jdt.internal.junit.launcher.JUnit4TestFinder$Annotation" start="54" end="77" startBytecode="0" endBytecode="337" sourcefile="JUnit4TestFinder.java" sourcepath="org/eclipse/jdt/internal/junit/launcher/JUnit4TestFinder.java"/>
    </Method>
    <SourceLine classname="org.eclipse.jdt.internal.junit.launcher.JUnit4TestFinder$Annotation" start="64" end="64" startBytecode="46" endBytecode="46" sourcefile="JUnit4TestFinder.java" sourcepath="org/eclipse/jdt/internal/junit/launcher/JUnit4TestFinder.java"/>
  </BugInstance>
  <BugInstance type="DM_DEFAULT_ENCODING" priority="1" abbrev="Dm" category="I18N">
    <Class classname="org.eclipse.jdt.internal.junit.launcher.JUnitLaunchConfiguration">
      <SourceLine classname="org.eclipse.jdt.internal.junit.launcher.JUnitLaunchConfiguration" start="46" end="133" sourcefile="JUnitLaunchConfiguration.java" sourcepath="org/eclipse/jdt/internal/junit/launcher/JUnitLaunchConfiguration.java"/>
    </Class>
    <Method classname="org.eclipse.jdt.internal.junit.launcher.JUnitLaunchConfiguration" name="createTestNamesFile" signature="([Lorg/eclipse/jdt/core/IType;)Ljava/lang/String;" isStatic="false">
      <SourceLine classname="org.eclipse.jdt.internal.junit.launcher.JUnitLaunchConfiguration" start="103" end="120" startBytecode="0" endBytecode="314" sourcefile="JUnitLaunchConfiguration.java" sourcepath="org/eclipse/jdt/internal/junit/launcher/JUnitLaunchConfiguration.java"/>
    </Method>
    <Method classname="java.io.FileWriter" name="&lt;init&gt;" signature="(Ljava/io/File;)V" isStatic="false" role="METHOD_CALLED">
      <SourceLine classname="java.io.FileWriter" start="73" end="74" startBytecode="0" endBytecode="40" sourcefile="FileWriter.java" sourcepath="java/io/FileWriter.java"/>
    </Method>
    <SourceLine classname="org.eclipse.jdt.internal.junit.launcher.JUnitLaunchConfiguration" start="107" end="107" startBytecode="23" endBytecode="23" sourcefile="JUnitLaunchConfiguration.java" sourcepath="org/eclipse/jdt/internal/junit/launcher/JUnitLaunchConfiguration.java"/>
  </BugInstance>
  <BugInstance type="BC_EQUALS_METHOD_SHOULD_WORK_FOR_ALL_OBJECTS" priority="2" abbrev="BC" category="BAD_PRACTICE">
    <Class classname="org.eclipse.jdt.internal.junit.launcher.JUnitLaunchDescription">
      <SourceLine classname="org.eclipse.jdt.internal.junit.launcher.JUnitLaunchDescription" start="35" end="152" sourcefile="JUnitLaunchDescription.java" sourcepath="org/eclipse/jdt/internal/junit/launcher/JUnitLaunchDescription.java"/>
    </Class>
    <Method classname="org.eclipse.jdt.internal.junit.launcher.JUnitLaunchDescription" name="equals" signature="(Ljava/lang/Object;)Z" isStatic="false">
      <SourceLine classname="org.eclipse.jdt.internal.junit.launcher.JUnitLaunchDescription" start="71" end="72" startBytecode="0" endBytecode="127" sourcefile="JUnitLaunchDescription.java" sourcepath="org/eclipse/jdt/internal/junit/launcher/JUnitLaunchDescription.java"/>
    </Method>
    <SourceLine classname="org.eclipse.jdt.internal.junit.launcher.JUnitLaunchDescription" start="71" end="71" startBytecode="1" endBytecode="1" sourcefile="JUnitLaunchDescription.java" sourcepath="org/eclipse/jdt/internal/junit/launcher/JUnitLaunchDescription.java"/>
  </BugInstance>
  <BugInstance type="HE_EQUALS_USE_HASHCODE" priority="1" abbrev="HE" category="BAD_PRACTICE">
    <Class classname="org.eclipse.jdt.internal.junit.launcher.JUnitLaunchDescription">
      <SourceLine classname="org.eclipse.jdt.internal.junit.launcher.JUnitLaunchDescription" start="35" end="152" sourcefile="JUnitLaunchDescription.java" sourcepath="org/eclipse/jdt/internal/junit/launcher/JUnitLaunchDescription.java"/>
    </Class>
    <Method classname="org.eclipse.jdt.internal.junit.launcher.JUnitLaunchDescription" name="equals" signature="(Ljava/lang/Object;)Z" isStatic="false">
      <SourceLine classname="org.eclipse.jdt.internal.junit.launcher.JUnitLaunchDescription" start="71" end="72" startBytecode="0" endBytecode="127" sourcefile="JUnitLaunchDescription.java" sourcepath="org/eclipse/jdt/internal/junit/launcher/JUnitLaunchDescription.java"/>
    </Method>
  </BugInstance>
  <BugInstance type="NP_EQUALS_SHOULD_HANDLE_NULL_ARGUMENT" priority="2" abbrev="NP" category="BAD_PRACTICE">
    <Class classname="org.eclipse.jdt.internal.junit.launcher.JUnitLaunchDescription">
      <SourceLine classname="org.eclipse.jdt.internal.junit.launcher.JUnitLaunchDescription" start="35" end="152" sourcefile="JUnitLaunchDescription.java" sourcepath="org/eclipse/jdt/internal/junit/launcher/JUnitLaunchDescription.java"/>
    </Class>
    <Method classname="org.eclipse.jdt.internal.junit.launcher.JUnitLaunchDescription" name="equals" signature="(Ljava/lang/Object;)Z" isStatic="false">
      <SourceLine classname="org.eclipse.jdt.internal.junit.launcher.JUnitLaunchDescription" start="71" end="72" startBytecode="0" endBytecode="127" sourcefile="JUnitLaunchDescription.java" sourcepath="org/eclipse/jdt/internal/junit/launcher/JUnitLaunchDescription.java"/>
    </Method>
    <LocalVariable name="arg0" register="1" pc="0" role="LOCAL_VARIABLE_NAMED"/>
  </BugInstance>
  <BugInstance type="SIC_INNER_SHOULD_BE_STATIC" priority="2" abbrev="SIC" category="PERFORMANCE">
    <Class classname="org.eclipse.jdt.internal.junit.launcher.JUnitLaunchShortcut$LaunchCancelledByUserException">
      <SourceLine classname="org.eclipse.jdt.internal.junit.launcher.JUnitLaunchShortcut$LaunchCancelledByUserException" start="56" end="56" sourcefile="JUnitLaunchShortcut.java" sourcepath="org/eclipse/jdt/internal/junit/launcher/JUnitLaunchShortcut.java"/>
    </Class>
  </BugInstance>
  <BugInstance type="DLS_DEAD_LOCAL_STORE" priority="2" abbrev="DLS" category="STYLE">
    <Class classname="org.eclipse.jdt.internal.junit.launcher.JUnitMainTab">
      <SourceLine classname="org.eclipse.jdt.internal.junit.launcher.JUnitMainTab" start="1" end="791" sourcefile="JUnitMainTab.java" sourcepath="org/eclipse/jdt/internal/junit/launcher/JUnitMainTab.java"/>
    </Class>
    <Method classname="org.eclipse.jdt.internal.junit.launcher.JUnitMainTab" name="handleSearchButtonSelected" signature="()V" isStatic="false">
      <SourceLine classname="org.eclipse.jdt.internal.junit.launcher.JUnitMainTab" start="467" end="509" startBytecode="0" endBytecode="116" sourcefile="JUnitMainTab.java" sourcepath="org/eclipse/jdt/internal/junit/launcher/JUnitMainTab.java"/>
    </Method>
    <LocalVariable name="types" register="3" pc="15" role="LOCAL_VARIABLE_NAMED"/>
    <SourceLine classname="org.eclipse.jdt.internal.junit.launcher.JUnitMainTab" start="471" end="471" startBytecode="14" endBytecode="14" sourcefile="JUnitMainTab.java" sourcepath="org/eclipse/jdt/internal/junit/launcher/JUnitMainTab.java"/>
    <Property name="edu.umd.cs.findbugs.detect.DeadLocalStoreProperty.LOCAL_NAME" value="types"/>
    <Property name="edu.umd.cs.findbugs.detect.DeadLocalStoreProperty.DEAD_OBJECT_STORE" value="true"/>
    <Property name="edu.umd.cs.findbugs.detect.DeadLocalStoreProperty.KILLED_BY_SUBSEQUENT_STORE" value="true"/>
  </BugInstance>
  <BugInstance type="NP_NULL_ON_SOME_PATH" priority="2" abbrev="NP" category="CORRECTNESS">
    <Class classname="org.eclipse.jdt.internal.junit.launcher.JUnitRuntimeClasspathEntry">
      <SourceLine classname="org.eclipse.jdt.internal.junit.launcher.JUnitRuntimeClasspathEntry" start="21" end="53" sourcefile="JUnitRuntimeClasspathEntry.java" sourcepath="org/eclipse/jdt/internal/junit/launcher/JUnitRuntimeClasspathEntry.java"/>
    </Class>
    <Method classname="org.eclipse.jdt.internal.junit.launcher.JUnitRuntimeClasspathEntry" name="equals" signature="(Ljava/lang/Object;)Z" isStatic="false">
      <SourceLine classname="org.eclipse.jdt.internal.junit.launcher.JUnitRuntimeClasspathEntry" start="43" end="46" startBytecode="0" endBytecode="145" sourcefile="JUnitRuntimeClasspathEntry.java" sourcepath="org/eclipse/jdt/internal/junit/launcher/JUnitRuntimeClasspathEntry.java"/>
    </Method>
    <Field classname="org.eclipse.jdt.internal.junit.launcher.JUnitRuntimeClasspathEntry" name="fPluginRelativePath" signature="Ljava/lang/String;" isStatic="false" role="FIELD_CONTAINS_VALUE">
      <SourceLine classname="org.eclipse.jdt.internal.junit.launcher.JUnitRuntimeClasspathEntry" sourcefile="JUnitRuntimeClasspathEntry.java" sourcepath="org/eclipse/jdt/internal/junit/launcher/JUnitRuntimeClasspathEntry.java"/>
    </Field>
    <SourceLine classname="org.eclipse.jdt.internal.junit.launcher.JUnitRuntimeClasspathEntry" start="48" end="48" startBytecode="50" endBytecode="50" sourcefile="JUnitRuntimeClasspathEntry.java" sourcepath="org/eclipse/jdt/internal/junit/launcher/JUnitRuntimeClasspathEntry.java" role="SOURCE_LINE_DEREF"/>
    <SourceLine classname="org.eclipse.jdt.internal.junit.launcher.JUnitRuntimeClasspathEntry" start="47" end="47" startBytecode="39" endBytecode="39" sourcefile="JUnitRuntimeClasspathEntry.java" sourcepath="org/eclipse/jdt/internal/junit/launcher/JUnitRuntimeClasspathEntry.java" role="SOURCE_LINE_KNOWN_NULL"/>
  </BugInstance>
  <BugInstance type="SBSC_USE_STRINGBUFFER_CONCATENATION" priority="2" abbrev="SBSC" category="PERFORMANCE">
    <Class classname="org.eclipse.jdt.internal.junit.launcher.TestKindRegistry">
      <SourceLine classname="org.eclipse.jdt.internal.junit.launcher.TestKindRegistry" start="43" end="182" sourcefile="TestKindRegistry.java" sourcepath="org/eclipse/jdt/internal/junit/launcher/TestKindRegistry.java"/>
    </Class>
    <Method classname="org.eclipse.jdt.internal.junit.launcher.TestKindRegistry" name="getAllKindIds" signature="()Ljava/lang/String;" isStatic="false">
      <SourceLine classname="org.eclipse.jdt.internal.junit.launcher.TestKindRegistry" start="169" end="175" startBytecode="0" endBytecode="178" sourcefile="TestKindRegistry.java" sourcepath="org/eclipse/jdt/internal/junit/launcher/TestKindRegistry.java"/>
    </Method>
    <SourceLine classname="org.eclipse.jdt.internal.junit.launcher.TestKindRegistry" start="173" end="173" startBytecode="27" endBytecode="27" sourcefile="TestKindRegistry.java" sourcepath="org/eclipse/jdt/internal/junit/launcher/TestKindRegistry.java"/>
  </BugInstance>
  <BugInstance type="EI_EXPOSE_REP" priority="2" abbrev="EI" category="MALICIOUS_CODE">
    <Class classname="org.eclipse.jdt.internal.junit.launcher.TestSearchResult">
      <SourceLine classname="org.eclipse.jdt.internal.junit.launcher.TestSearchResult" start="23" end="37" sourcefile="TestSearchResult.java" sourcepath="org/eclipse/jdt/internal/junit/launcher/TestSearchResult.java"/>
    </Class>
    <Method classname="org.eclipse.jdt.internal.junit.launcher.TestSearchResult" name="getTypes" signature="()[Lorg/eclipse/jdt/core/IType;" isStatic="false">
      <SourceLine classname="org.eclipse.jdt.internal.junit.launcher.TestSearchResult" start="29" end="29" startBytecode="0" endBytecode="46" sourcefile="TestSearchResult.java" sourcepath="org/eclipse/jdt/internal/junit/launcher/TestSearchResult.java"/>
    </Method>
    <Field classname="org.eclipse.jdt.internal.junit.launcher.TestSearchResult" name="fTypes" signature="[Lorg/eclipse/jdt/core/IType;" isStatic="false">
      <SourceLine classname="org.eclipse.jdt.internal.junit.launcher.TestSearchResult" sourcefile="TestSearchResult.java" sourcepath="org/eclipse/jdt/internal/junit/launcher/TestSearchResult.java"/>
    </Field>
    <SourceLine classname="org.eclipse.jdt.internal.junit.launcher.TestSearchResult" start="29" end="29" startBytecode="4" endBytecode="4" sourcefile="TestSearchResult.java" sourcepath="org/eclipse/jdt/internal/junit/launcher/TestSearchResult.java"/>
  </BugInstance>
  <BugInstance type="EI_EXPOSE_REP2" priority="2" abbrev="EI2" category="MALICIOUS_CODE">
    <Class classname="org.eclipse.jdt.internal.junit.launcher.TestSearchResult">
      <SourceLine classname="org.eclipse.jdt.internal.junit.launcher.TestSearchResult" start="23" end="37" sourcefile="TestSearchResult.java" sourcepath="org/eclipse/jdt/internal/junit/launcher/TestSearchResult.java"/>
    </Class>
    <Method classname="org.eclipse.jdt.internal.junit.launcher.TestSearchResult" name="&lt;init&gt;" signature="([Lorg/eclipse/jdt/core/IType;Lorg/eclipse/jdt/internal/junit/launcher/ITestKind;)V" isStatic="false">
      <SourceLine classname="org.eclipse.jdt.internal.junit.launcher.TestSearchResult" start="23" end="26" startBytecode="0" endBytecode="88" sourcefile="TestSearchResult.java" sourcepath="org/eclipse/jdt/internal/junit/launcher/TestSearchResult.java"/>
    </Method>
    <Field classname="org.eclipse.jdt.internal.junit.launcher.TestSearchResult" name="fTypes" signature="[Lorg/eclipse/jdt/core/IType;" isStatic="false">
      <SourceLine classname="org.eclipse.jdt.internal.junit.launcher.TestSearchResult" sourcefile="TestSearchResult.java" sourcepath="org/eclipse/jdt/internal/junit/launcher/TestSearchResult.java"/>
    </Field>
    <LocalVariable name="types" register="1" pc="6" role="LOCAL_VARIABLE_NAMED"/>
    <SourceLine classname="org.eclipse.jdt.internal.junit.launcher.TestSearchResult" start="24" end="24" startBytecode="6" endBytecode="6" sourcefile="TestSearchResult.java" sourcepath="org/eclipse/jdt/internal/junit/launcher/TestSearchResult.java"/>
  </BugInstance>
  <BugInstance type="EI_EXPOSE_REP2" priority="2" abbrev="EI2" category="MALICIOUS_CODE">
    <Class classname="org.eclipse.jdt.internal.junit.launcher.TestSelectionDialog">
      <SourceLine classname="org.eclipse.jdt.internal.junit.launcher.TestSelectionDialog" start="45" end="63" sourcefile="TestSelectionDialog.java" sourcepath="org/eclipse/jdt/internal/junit/launcher/TestSelectionDialog.java"/>
    </Class>
    <Method classname="org.eclipse.jdt.internal.junit.launcher.TestSelectionDialog" name="&lt;init&gt;" signature="(Lorg/eclipse/swt/widgets/Shell;[Lorg/eclipse/jdt/core/IType;)V" isStatic="false">
      <SourceLine classname="org.eclipse.jdt.internal.junit.launcher.TestSelectionDialog" start="45" end="48" startBytecode="0" endBytecode="100" sourcefile="TestSelectionDialog.java" sourcepath="org/eclipse/jdt/internal/junit/launcher/TestSelectionDialog.java"/>
    </Method>
    <Field classname="org.eclipse.jdt.internal.junit.launcher.TestSelectionDialog" name="fTypes" signature="[Lorg/eclipse/jdt/core/IType;" isStatic="false">
      <SourceLine classname="org.eclipse.jdt.internal.junit.launcher.TestSelectionDialog" sourcefile="TestSelectionDialog.java" sourcepath="org/eclipse/jdt/internal/junit/launcher/TestSelectionDialog.java"/>
    </Field>
    <LocalVariable name="types" register="2" pc="23" role="LOCAL_VARIABLE_NAMED"/>
    <SourceLine classname="org.eclipse.jdt.internal.junit.launcher.TestSelectionDialog" start="47" end="47" startBytecode="23" endBytecode="23" sourcefile="TestSelectionDialog.java" sourcepath="org/eclipse/jdt/internal/junit/launcher/TestSelectionDialog.java"/>
  </BugInstance>
  <BugInstance type="EI_EXPOSE_REP2" priority="2" abbrev="EI2" category="MALICIOUS_CODE">
    <Class classname="org.eclipse.jdt.internal.junit.model.RemoteTestRunnerClient">
      <SourceLine classname="org.eclipse.jdt.internal.junit.model.RemoteTestRunnerClient" start="37" end="553" sourcefile="RemoteTestRunnerClient.java" sourcepath="org/eclipse/jdt/internal/junit/model/RemoteTestRunnerClient.java"/>
    </Class>
    <Method classname="org.eclipse.jdt.internal.junit.model.RemoteTestRunnerClient" name="startListening" signature="([Lorg/eclipse/jdt/junit/ITestRunListener;I)V" isStatic="false">
      <SourceLine classname="org.eclipse.jdt.internal.junit.model.RemoteTestRunnerClient" start="286" end="290" startBytecode="0" endBytecode="112" sourcefile="RemoteTestRunnerClient.java" sourcepath="org/eclipse/jdt/internal/junit/model/RemoteTestRunnerClient.java"/>
    </Method>
    <Field classname="org.eclipse.jdt.internal.junit.model.RemoteTestRunnerClient" name="fListeners" signature="[Lorg/eclipse/jdt/junit/ITestRunListener;" isStatic="false">
      <SourceLine classname="org.eclipse.jdt.internal.junit.model.RemoteTestRunnerClient" sourcefile="RemoteTestRunnerClient.java" sourcepath="org/eclipse/jdt/internal/junit/model/RemoteTestRunnerClient.java"/>
    </Field>
    <LocalVariable name="listeners" register="1" pc="2" role="LOCAL_VARIABLE_NAMED"/>
    <SourceLine classname="org.eclipse.jdt.internal.junit.model.RemoteTestRunnerClient" start="286" end="286" startBytecode="2" endBytecode="2" sourcefile="RemoteTestRunnerClient.java" sourcepath="org/eclipse/jdt/internal/junit/model/RemoteTestRunnerClient.java"/>
  </BugInstance>
  <BugInstance type="IS2_INCONSISTENT_SYNC" priority="2" abbrev="IS" category="MT_CORRECTNESS">
    <Class classname="org.eclipse.jdt.internal.junit.model.RemoteTestRunnerClient">
      <SourceLine classname="org.eclipse.jdt.internal.junit.model.RemoteTestRunnerClient" start="37" end="553" sourcefile="RemoteTestRunnerClient.java" sourcepath="org/eclipse/jdt/internal/junit/model/RemoteTestRunnerClient.java"/>
    </Class>
    <Field classname="org.eclipse.jdt.internal.junit.model.RemoteTestRunnerClient" name="fServerSocket" signature="Ljava/net/ServerSocket;" isStatic="false">
      <SourceLine classname="org.eclipse.jdt.internal.junit.model.RemoteTestRunnerClient" sourcefile="RemoteTestRunnerClient.java" sourcepath="org/eclipse/jdt/internal/junit/model/RemoteTestRunnerClient.java"/>
    </Field>
    <Int value="60" role="INT_SYNC_PERCENT"/>
    <SourceLine classname="org.eclipse.jdt.internal.junit.model.RemoteTestRunnerClient$ServerConnection" start="253" end="253" startBytecode="50" endBytecode="50" sourcefile="RemoteTestRunnerClient.java" sourcepath="org/eclipse/jdt/internal/junit/model/RemoteTestRunnerClient.java" role="SOURCE_LINE_UNSYNC_ACCESS"/>
    <SourceLine classname="org.eclipse.jdt.internal.junit.model.RemoteTestRunnerClient$ServerConnection" start="254" end="254" startBytecode="61" endBytecode="61" sourcefile="RemoteTestRunnerClient.java" sourcepath="org/eclipse/jdt/internal/junit/model/RemoteTestRunnerClient.java" role="SOURCE_LINE_UNSYNC_ACCESS"/>
    <SourceLine classname="org.eclipse.jdt.internal.junit.model.RemoteTestRunnerClient" start="325" end="325" startBytecode="98" endBytecode="98" sourcefile="RemoteTestRunnerClient.java" sourcepath="org/eclipse/jdt/internal/junit/model/RemoteTestRunnerClient.java" role="SOURCE_LINE_SYNC_ACCESS"/>
    <SourceLine classname="org.eclipse.jdt.internal.junit.model.RemoteTestRunnerClient" start="326" end="326" startBytecode="105" endBytecode="105" sourcefile="RemoteTestRunnerClient.java" sourcepath="org/eclipse/jdt/internal/junit/model/RemoteTestRunnerClient.java" role="SOURCE_LINE_SYNC_ACCESS"/>
    <SourceLine classname="org.eclipse.jdt.internal.junit.model.RemoteTestRunnerClient" start="327" end="327" startBytecode="113" endBytecode="113" sourcefile="RemoteTestRunnerClient.java" sourcepath="org/eclipse/jdt/internal/junit/model/RemoteTestRunnerClient.java" role="SOURCE_LINE_SYNC_ACCESS"/>
  </BugInstance>
  <BugInstance type="IS2_INCONSISTENT_SYNC" priority="2" abbrev="IS" category="MT_CORRECTNESS">
    <Class classname="org.eclipse.jdt.internal.junit.model.RemoteTestRunnerClient">
      <SourceLine classname="org.eclipse.jdt.internal.junit.model.RemoteTestRunnerClient" start="37" end="553" sourcefile="RemoteTestRunnerClient.java" sourcepath="org/eclipse/jdt/internal/junit/model/RemoteTestRunnerClient.java"/>
    </Class>
    <Field classname="org.eclipse.jdt.internal.junit.model.RemoteTestRunnerClient" name="fWriter" signature="Ljava/io/PrintWriter;" isStatic="false">
      <SourceLine classname="org.eclipse.jdt.internal.junit.model.RemoteTestRunnerClient" sourcefile="RemoteTestRunnerClient.java" sourcepath="org/eclipse/jdt/internal/junit/model/RemoteTestRunnerClient.java"/>
    </Field>
    <Int value="55" role="INT_SYNC_PERCENT"/>
    <SourceLine classname="org.eclipse.jdt.internal.junit.model.RemoteTestRunnerClient$ServerConnection" start="261" end="261" startBytecode="169" endBytecode="169" sourcefile="RemoteTestRunnerClient.java" sourcepath="org/eclipse/jdt/internal/junit/model/RemoteTestRunnerClient.java" role="SOURCE_LINE_UNSYNC_ACCESS"/>
    <SourceLine classname="org.eclipse.jdt.internal.junit.model.RemoteTestRunnerClient$ServerConnection" start="263" end="263" startBytecode="205" endBytecode="205" sourcefile="RemoteTestRunnerClient.java" sourcepath="org/eclipse/jdt/internal/junit/model/RemoteTestRunnerClient.java" role="SOURCE_LINE_UNSYNC_ACCESS"/>
    <SourceLine classname="org.eclipse.jdt.internal.junit.model.RemoteTestRunnerClient" start="550" end="550" startBytecode="8" endBytecode="8" sourcefile="RemoteTestRunnerClient.java" sourcepath="org/eclipse/jdt/internal/junit/model/RemoteTestRunnerClient.java" role="SOURCE_LINE_UNSYNC_ACCESS"/>
    <SourceLine classname="org.eclipse.jdt.internal.junit.model.RemoteTestRunnerClient" start="551" end="551" startBytecode="50" endBytecode="50" sourcefile="RemoteTestRunnerClient.java" sourcepath="org/eclipse/jdt/internal/junit/model/RemoteTestRunnerClient.java" role="SOURCE_LINE_UNSYNC_ACCESS"/>
    <SourceLine classname="org.eclipse.jdt.internal.junit.model.RemoteTestRunnerClient" start="306" end="306" startBytecode="33" endBytecode="33" sourcefile="RemoteTestRunnerClient.java" sourcepath="org/eclipse/jdt/internal/junit/model/RemoteTestRunnerClient.java" role="SOURCE_LINE_SYNC_ACCESS"/>
    <SourceLine classname="org.eclipse.jdt.internal.junit.model.RemoteTestRunnerClient" start="307" end="307" startBytecode="40" endBytecode="40" sourcefile="RemoteTestRunnerClient.java" sourcepath="org/eclipse/jdt/internal/junit/model/RemoteTestRunnerClient.java" role="SOURCE_LINE_SYNC_ACCESS"/>
    <SourceLine classname="org.eclipse.jdt.internal.junit.model.RemoteTestRunnerClient" start="308" end="308" startBytecode="48" endBytecode="48" sourcefile="RemoteTestRunnerClient.java" sourcepath="org/eclipse/jdt/internal/junit/model/RemoteTestRunnerClient.java" role="SOURCE_LINE_SYNC_ACCESS"/>
    <SourceLine classname="org.eclipse.jdt.internal.junit.model.RemoteTestRunnerClient" start="297" end="297" startBytecode="8" endBytecode="8" sourcefile="RemoteTestRunnerClient.java" sourcepath="org/eclipse/jdt/internal/junit/model/RemoteTestRunnerClient.java" role="SOURCE_LINE_SYNC_ACCESS"/>
    <SourceLine classname="org.eclipse.jdt.internal.junit.model.RemoteTestRunnerClient" start="298" end="298" startBytecode="17" endBytecode="17" sourcefile="RemoteTestRunnerClient.java" sourcepath="org/eclipse/jdt/internal/junit/model/RemoteTestRunnerClient.java" role="SOURCE_LINE_SYNC_ACCESS"/>
  </BugInstance>
  <BugInstance type="DM_DEFAULT_ENCODING" priority="1" abbrev="Dm" category="I18N">
    <Class classname="org.eclipse.jdt.internal.junit.model.RemoteTestRunnerClient$ServerConnection">
      <SourceLine classname="org.eclipse.jdt.internal.junit.model.RemoteTestRunnerClient$ServerConnection" start="245" end="275" sourcefile="RemoteTestRunnerClient.java" sourcepath="org/eclipse/jdt/internal/junit/model/RemoteTestRunnerClient.java"/>
    </Class>
    <Method classname="org.eclipse.jdt.internal.junit.model.RemoteTestRunnerClient$ServerConnection" name="run" signature="()V" isStatic="false">
      <SourceLine classname="org.eclipse.jdt.internal.junit.model.RemoteTestRunnerClient$ServerConnection" start="251" end="275" startBytecode="0" endBytecode="450" sourcefile="RemoteTestRunnerClient.java" sourcepath="org/eclipse/jdt/internal/junit/model/RemoteTestRunnerClient.java"/>
    </Method>
    <Method classname="java.io.InputStreamReader" name="&lt;init&gt;" signature="(Ljava/io/InputStream;)V" isStatic="false" role="METHOD_CALLED">
      <SourceLine classname="java.io.InputStreamReader" start="55" end="62" startBytecode="0" endBytecode="83" sourcefile="InputStreamReader.java" sourcepath="java/io/InputStreamReader.java"/>
    </Method>
    <SourceLine classname="org.eclipse.jdt.internal.junit.model.RemoteTestRunnerClient$ServerConnection" start="258" end="258" startBytecode="129" endBytecode="129" sourcefile="RemoteTestRunnerClient.java" sourcepath="org/eclipse/jdt/internal/junit/model/RemoteTestRunnerClient.java"/>
  </BugInstance>
  <BugInstance type="DM_DEFAULT_ENCODING" priority="1" abbrev="Dm" category="I18N">
    <Class classname="org.eclipse.jdt.internal.junit.model.RemoteTestRunnerClient$ServerConnection">
      <SourceLine classname="org.eclipse.jdt.internal.junit.model.RemoteTestRunnerClient$ServerConnection" start="245" end="275" sourcefile="RemoteTestRunnerClient.java" sourcepath="org/eclipse/jdt/internal/junit/model/RemoteTestRunnerClient.java"/>
    </Class>
    <Method classname="org.eclipse.jdt.internal.junit.model.RemoteTestRunnerClient$ServerConnection" name="run" signature="()V" isStatic="false">
      <SourceLine classname="org.eclipse.jdt.internal.junit.model.RemoteTestRunnerClient$ServerConnection" start="251" end="275" startBytecode="0" endBytecode="450" sourcefile="RemoteTestRunnerClient.java" sourcepath="org/eclipse/jdt/internal/junit/model/RemoteTestRunnerClient.java"/>
    </Method>
    <Method classname="java.io.OutputStreamWriter" name="&lt;init&gt;" signature="(Ljava/io/OutputStream;)V" isStatic="false" role="METHOD_CALLED">
      <SourceLine classname="java.io.OutputStreamWriter" start="92" end="98" startBytecode="0" endBytecode="83" sourcefile="OutputStreamWriter.java" sourcepath="java/io/OutputStreamWriter.java"/>
    </Method>
    <SourceLine classname="org.eclipse.jdt.internal.junit.model.RemoteTestRunnerClient$ServerConnection" start="263" end="263" startBytecode="198" endBytecode="198" sourcefile="RemoteTestRunnerClient.java" sourcepath="org/eclipse/jdt/internal/junit/model/RemoteTestRunnerClient.java"/>
  </BugInstance>
  <BugInstance type="VO_VOLATILE_INCREMENT" priority="2" abbrev="VO" category="MT_CORRECTNESS">
    <Class classname="org.eclipse.jdt.internal.junit.model.TestRunSession">
      <SourceLine classname="org.eclipse.jdt.internal.junit.model.TestRunSession" start="51" end="524" sourcefile="TestRunSession.java" sourcepath="org/eclipse/jdt/internal/junit/model/TestRunSession.java"/>
    </Class>
    <Method classname="org.eclipse.jdt.internal.junit.model.TestRunSession" name="rerunTest" signature="(Ljava/lang/String;Ljava/lang/String;Ljava/lang/String;Ljava/lang/String;)Z" isStatic="false">
      <SourceLine classname="org.eclipse.jdt.internal.junit.model.TestRunSession" start="202" end="236" startBytecode="0" endBytecode="418" sourcefile="TestRunSession.java" sourcepath="org/eclipse/jdt/internal/junit/model/TestRunSession.java"/>
    </Method>
    <Field classname="org.eclipse.jdt.internal.junit.model.TestRunSession" name="fErrorCount" signature="I" isStatic="false">
      <SourceLine classname="org.eclipse.jdt.internal.junit.model.TestRunSession" sourcefile="TestRunSession.java" sourcepath="org/eclipse/jdt/internal/junit/model/TestRunSession.java"/>
    </Field>
    <SourceLine classname="org.eclipse.jdt.internal.junit.model.TestRunSession" start="205" end="205" startBytecode="35" endBytecode="35" sourcefile="TestRunSession.java" sourcepath="org/eclipse/jdt/internal/junit/model/TestRunSession.java"/>
  </BugInstance>
  <BugInstance type="VO_VOLATILE_INCREMENT" priority="2" abbrev="VO" category="MT_CORRECTNESS">
    <Class classname="org.eclipse.jdt.internal.junit.model.TestRunSession">
      <SourceLine classname="org.eclipse.jdt.internal.junit.model.TestRunSession" start="51" end="524" sourcefile="TestRunSession.java" sourcepath="org/eclipse/jdt/internal/junit/model/TestRunSession.java"/>
    </Class>
    <Method classname="org.eclipse.jdt.internal.junit.model.TestRunSession" name="rerunTest" signature="(Ljava/lang/String;Ljava/lang/String;Ljava/lang/String;Ljava/lang/String;)Z" isStatic="false">
      <SourceLine classname="org.eclipse.jdt.internal.junit.model.TestRunSession" start="202" end="236" startBytecode="0" endBytecode="418" sourcefile="TestRunSession.java" sourcepath="org/eclipse/jdt/internal/junit/model/TestRunSession.java"/>
    </Method>
    <Field classname="org.eclipse.jdt.internal.junit.model.TestRunSession" name="fFailureCount" signature="I" isStatic="false">
      <SourceLine classname="org.eclipse.jdt.internal.junit.model.TestRunSession" sourcefile="TestRunSession.java" sourcepath="org/eclipse/jdt/internal/junit/model/TestRunSession.java"/>
    </Field>
    <SourceLine classname="org.eclipse.jdt.internal.junit.model.TestRunSession" start="207" end="207" startBytecode="56" endBytecode="56" sourcefile="TestRunSession.java" sourcepath="org/eclipse/jdt/internal/junit/model/TestRunSession.java"/>
  </BugInstance>
  <BugInstance type="NP_LOAD_OF_KNOWN_NULL_VALUE" priority="2" abbrev="NP" category="STYLE">
    <Class classname="org.eclipse.jdt.internal.junit.model.TestRunSession$TestSessionNotifier">
      <SourceLine classname="org.eclipse.jdt.internal.junit.model.TestRunSession$TestSessionNotifier" start="316" end="494" sourcefile="TestRunSession.java" sourcepath="org/eclipse/jdt/internal/junit/model/TestRunSession.java"/>
    </Class>
    <Method classname="org.eclipse.jdt.internal.junit.model.TestRunSession$TestSessionNotifier" name="testFailed" signature="(ILjava/lang/String;Ljava/lang/String;Ljava/lang/String;Ljava/lang/String;Ljava/lang/String;)V" isStatic="false">
      <SourceLine classname="org.eclipse.jdt.internal.junit.model.TestRunSession$TestSessionNotifier" start="424" end="443" startBytecode="0" endBytecode="67" sourcefile="TestRunSession.java" sourcepath="org/eclipse/jdt/internal/junit/model/TestRunSession.java"/>
    </Method>
    <SourceLine classname="org.eclipse.jdt.internal.junit.model.TestRunSession$TestSessionNotifier" start="426" end="426" startBytecode="17" endBytecode="17" sourcefile="TestRunSession.java" sourcepath="org/eclipse/jdt/internal/junit/model/TestRunSession.java"/>
  </BugInstance>
  <BugInstance type="VO_VOLATILE_INCREMENT" priority="2" abbrev="VO" category="MT_CORRECTNESS">
    <Class classname="org.eclipse.jdt.internal.junit.model.TestRunSession$TestSessionNotifier">
      <SourceLine classname="org.eclipse.jdt.internal.junit.model.TestRunSession$TestSessionNotifier" start="316" end="494" sourcefile="TestRunSession.java" sourcepath="org/eclipse/jdt/internal/junit/model/TestRunSession.java"/>
    </Class>
    <Method classname="org.eclipse.jdt.internal.junit.model.TestRunSession$TestSessionNotifier" name="testEnded" signature="(Ljava/lang/String;Ljava/lang/String;)V" isStatic="false">
      <SourceLine classname="org.eclipse.jdt.internal.junit.model.TestRunSession$TestSessionNotifier" start="395" end="413" startBytecode="0" endBytecode="279" sourcefile="TestRunSession.java" sourcepath="org/eclipse/jdt/internal/junit/model/TestRunSession.java"/>
    </Method>
    <Field classname="org.eclipse.jdt.internal.junit.model.TestRunSession" name="fIgnoredCount" signature="I" isStatic="false">
      <SourceLine classname="org.eclipse.jdt.internal.junit.model.TestRunSession" sourcefile="TestRunSession.java" sourcepath="org/eclipse/jdt/internal/junit/model/TestRunSession.java"/>
    </Field>
    <SourceLine classname="org.eclipse.jdt.internal.junit.model.TestRunSession$TestSessionNotifier" start="403" end="403" startBytecode="54" endBytecode="54" sourcefile="TestRunSession.java" sourcepath="org/eclipse/jdt/internal/junit/model/TestRunSession.java"/>
  </BugInstance>
  <BugInstance type="VO_VOLATILE_INCREMENT" priority="2" abbrev="VO" category="MT_CORRECTNESS">
    <Class classname="org.eclipse.jdt.internal.junit.model.TestRunSession$TestSessionNotifier">
      <SourceLine classname="org.eclipse.jdt.internal.junit.model.TestRunSession$TestSessionNotifier" start="316" end="494" sourcefile="TestRunSession.java" sourcepath="org/eclipse/jdt/internal/junit/model/TestRunSession.java"/>
    </Class>
    <Method classname="org.eclipse.jdt.internal.junit.model.TestRunSession$TestSessionNotifier" name="testFailed" signature="(ILjava/lang/String;Ljava/lang/String;Ljava/lang/String;Ljava/lang/String;Ljava/lang/String;)V" isStatic="false">
      <SourceLine classname="org.eclipse.jdt.internal.junit.model.TestRunSession$TestSessionNotifier" start="424" end="443" startBytecode="0" endBytecode="331" sourcefile="TestRunSession.java" sourcepath="org/eclipse/jdt/internal/junit/model/TestRunSession.java"/>
    </Method>
    <Field classname="org.eclipse.jdt.internal.junit.model.TestRunSession" name="fErrorCount" signature="I" isStatic="false">
      <SourceLine classname="org.eclipse.jdt.internal.junit.model.TestRunSession" sourcefile="TestRunSession.java" sourcepath="org/eclipse/jdt/internal/junit/model/TestRunSession.java"/>
    </Field>
    <SourceLine classname="org.eclipse.jdt.internal.junit.model.TestRunSession$TestSessionNotifier" start="434" end="434" startBytecode="66" endBytecode="66" sourcefile="TestRunSession.java" sourcepath="org/eclipse/jdt/internal/junit/model/TestRunSession.java"/>
  </BugInstance>
  <BugInstance type="VO_VOLATILE_INCREMENT" priority="2" abbrev="VO" category="MT_CORRECTNESS">
    <Class classname="org.eclipse.jdt.internal.junit.model.TestRunSession$TestSessionNotifier">
      <SourceLine classname="org.eclipse.jdt.internal.junit.model.TestRunSession$TestSessionNotifier" start="316" end="494" sourcefile="TestRunSession.java" sourcepath="org/eclipse/jdt/internal/junit/model/TestRunSession.java"/>
    </Class>
    <Method classname="org.eclipse.jdt.internal.junit.model.TestRunSession$TestSessionNotifier" name="testFailed" signature="(ILjava/lang/String;Ljava/lang/String;Ljava/lang/String;Ljava/lang/String;Ljava/lang/String;)V" isStatic="false">
      <SourceLine classname="org.eclipse.jdt.internal.junit.model.TestRunSession$TestSessionNotifier" start="424" end="443" startBytecode="0" endBytecode="331" sourcefile="TestRunSession.java" sourcepath="org/eclipse/jdt/internal/junit/model/TestRunSession.java"/>
    </Method>
    <Field classname="org.eclipse.jdt.internal.junit.model.TestRunSession" name="fFailureCount" signature="I" isStatic="false">
      <SourceLine classname="org.eclipse.jdt.internal.junit.model.TestRunSession" sourcefile="TestRunSession.java" sourcepath="org/eclipse/jdt/internal/junit/model/TestRunSession.java"/>
    </Field>
    <SourceLine classname="org.eclipse.jdt.internal.junit.model.TestRunSession$TestSessionNotifier" start="436" end="436" startBytecode="82" endBytecode="82" sourcefile="TestRunSession.java" sourcepath="org/eclipse/jdt/internal/junit/model/TestRunSession.java"/>
  </BugInstance>
  <BugInstance type="VO_VOLATILE_INCREMENT" priority="2" abbrev="VO" category="MT_CORRECTNESS">
    <Class classname="org.eclipse.jdt.internal.junit.model.TestRunSession$TestSessionNotifier">
      <SourceLine classname="org.eclipse.jdt.internal.junit.model.TestRunSession$TestSessionNotifier" start="316" end="494" sourcefile="TestRunSession.java" sourcepath="org/eclipse/jdt/internal/junit/model/TestRunSession.java"/>
    </Class>
    <Method classname="org.eclipse.jdt.internal.junit.model.TestRunSession$TestSessionNotifier" name="testReran" signature="(Ljava/lang/String;Ljava/lang/String;Ljava/lang/String;ILjava/lang/String;Ljava/lang/String;Ljava/lang/String;)V" isStatic="false">
      <SourceLine classname="org.eclipse.jdt.internal.junit.model.TestRunSession$TestSessionNotifier" start="463" end="482" startBytecode="0" endBytecode="380" sourcefile="TestRunSession.java" sourcepath="org/eclipse/jdt/internal/junit/model/TestRunSession.java"/>
    </Method>
    <Field classname="org.eclipse.jdt.internal.junit.model.TestRunSession" name="fErrorCount" signature="I" isStatic="false">
      <SourceLine classname="org.eclipse.jdt.internal.junit.model.TestRunSession" sourcefile="TestRunSession.java" sourcepath="org/eclipse/jdt/internal/junit/model/TestRunSession.java"/>
    </Field>
    <SourceLine classname="org.eclipse.jdt.internal.junit.model.TestRunSession$TestSessionNotifier" start="472" end="472" startBytecode="58" endBytecode="58" sourcefile="TestRunSession.java" sourcepath="org/eclipse/jdt/internal/junit/model/TestRunSession.java"/>
  </BugInstance>
  <BugInstance type="VO_VOLATILE_INCREMENT" priority="2" abbrev="VO" category="MT_CORRECTNESS">
    <Class classname="org.eclipse.jdt.internal.junit.model.TestRunSession$TestSessionNotifier">
      <SourceLine classname="org.eclipse.jdt.internal.junit.model.TestRunSession$TestSessionNotifier" start="316" end="494" sourcefile="TestRunSession.java" sourcepath="org/eclipse/jdt/internal/junit/model/TestRunSession.java"/>
    </Class>
    <Method classname="org.eclipse.jdt.internal.junit.model.TestRunSession$TestSessionNotifier" name="testReran" signature="(Ljava/lang/String;Ljava/lang/String;Ljava/lang/String;ILjava/lang/String;Ljava/lang/String;Ljava/lang/String;)V" isStatic="false">
      <SourceLine classname="org.eclipse.jdt.internal.junit.model.TestRunSession$TestSessionNotifier" start="463" end="482" startBytecode="0" endBytecode="380" sourcefile="TestRunSession.java" sourcepath="org/eclipse/jdt/internal/junit/model/TestRunSession.java"/>
    </Method>
    <Field classname="org.eclipse.jdt.internal.junit.model.TestRunSession" name="fFailureCount" signature="I" isStatic="false">
      <SourceLine classname="org.eclipse.jdt.internal.junit.model.TestRunSession" sourcefile="TestRunSession.java" sourcepath="org/eclipse/jdt/internal/junit/model/TestRunSession.java"/>
    </Field>
    <SourceLine classname="org.eclipse.jdt.internal.junit.model.TestRunSession$TestSessionNotifier" start="474" end="474" startBytecode="82" endBytecode="82" sourcefile="TestRunSession.java" sourcepath="org/eclipse/jdt/internal/junit/model/TestRunSession.java"/>
  </BugInstance>
  <BugInstance type="VO_VOLATILE_INCREMENT" priority="2" abbrev="VO" category="MT_CORRECTNESS">
    <Class classname="org.eclipse.jdt.internal.junit.model.TestRunSession$TestSessionNotifier">
      <SourceLine classname="org.eclipse.jdt.internal.junit.model.TestRunSession$TestSessionNotifier" start="316" end="494" sourcefile="TestRunSession.java" sourcepath="org/eclipse/jdt/internal/junit/model/TestRunSession.java"/>
    </Class>
    <Method classname="org.eclipse.jdt.internal.junit.model.TestRunSession$TestSessionNotifier" name="testStarted" signature="(Ljava/lang/String;Ljava/lang/String;)V" isStatic="false">
      <SourceLine classname="org.eclipse.jdt.internal.junit.model.TestRunSession$TestSessionNotifier" start="378" end="392" startBytecode="0" endBytecode="241" sourcefile="TestRunSession.java" sourcepath="org/eclipse/jdt/internal/junit/model/TestRunSession.java"/>
    </Method>
    <Field classname="org.eclipse.jdt.internal.junit.model.TestRunSession" name="fStartedCount" signature="I" isStatic="false">
      <SourceLine classname="org.eclipse.jdt.internal.junit.model.TestRunSession" sourcefile="TestRunSession.java" sourcepath="org/eclipse/jdt/internal/junit/model/TestRunSession.java"/>
    </Field>
    <SourceLine classname="org.eclipse.jdt.internal.junit.model.TestRunSession$TestSessionNotifier" start="386" end="386" startBytecode="48" endBytecode="48" sourcefile="TestRunSession.java" sourcepath="org/eclipse/jdt/internal/junit/model/TestRunSession.java"/>
  </BugInstance>
  <BugInstance type="ST_WRITE_TO_STATIC_FROM_INSTANCE_METHOD" priority="1" abbrev="ST" category="STYLE">
    <Class classname="org.eclipse.jdt.internal.junit.ui.CompareResultDialog">
      <SourceLine classname="org.eclipse.jdt.internal.junit.ui.CompareResultDialog" start="142" end="234" sourcefile="CompareResultDialog.java" sourcepath="org/eclipse/jdt/internal/junit/ui/CompareResultDialog.java"/>
    </Class>
    <Method classname="org.eclipse.jdt.internal.junit.ui.CompareResultDialog" name="&lt;init&gt;" signature="(Lorg/eclipse/swt/widgets/Shell;Lorg/eclipse/jdt/internal/junit/model/TestElement;)V" isStatic="false">
      <SourceLine classname="org.eclipse.jdt.internal.junit.ui.CompareResultDialog" start="148" end="155" startBytecode="0" endBytecode="142" sourcefile="CompareResultDialog.java" sourcepath="org/eclipse/jdt/internal/junit/ui/CompareResultDialog.java"/>
    </Method>
    <Field classname="org.eclipse.jdt.internal.junit.ui.CompareResultDialog" name="fgThis" signature="Lorg/eclipse/jdt/internal/junit/ui/CompareResultDialog;" isStatic="true">
      <SourceLine classname="org.eclipse.jdt.internal.junit.ui.CompareResultDialog" sourcefile="CompareResultDialog.java" sourcepath="org/eclipse/jdt/internal/junit/ui/CompareResultDialog.java"/>
    </Field>
    <SourceLine classname="org.eclipse.jdt.internal.junit.ui.CompareResultDialog" start="149" end="149" startBytecode="6" endBytecode="6" sourcefile="CompareResultDialog.java" sourcepath="org/eclipse/jdt/internal/junit/ui/CompareResultDialog.java"/>
  </BugInstance>
  <BugInstance type="DM_DEFAULT_ENCODING" priority="1" abbrev="Dm" category="I18N">
    <Class classname="org.eclipse.jdt.internal.junit.ui.CompareResultDialog$CompareElement">
      <SourceLine classname="org.eclipse.jdt.internal.junit.ui.CompareResultDialog$CompareElement" start="112" end="132" sourcefile="CompareResultDialog.java" sourcepath="org/eclipse/jdt/internal/junit/ui/CompareResultDialog.java"/>
    </Class>
    <Method classname="org.eclipse.jdt.internal.junit.ui.CompareResultDialog$CompareElement" name="getContents" signature="()Ljava/io/InputStream;" isStatic="false">
      <SourceLine classname="org.eclipse.jdt.internal.junit.ui.CompareResultDialog$CompareElement" start="126" end="128" startBytecode="0" endBytecode="90" sourcefile="CompareResultDialog.java" sourcepath="org/eclipse/jdt/internal/junit/ui/CompareResultDialog.java"/>
    </Method>
    <Method classname="java.lang.String" name="getBytes" signature="()[B" isStatic="false" role="METHOD_CALLED">
      <SourceLine classname="java.lang.String" start="986" end="986" startBytecode="0" endBytecode="39" sourcefile="String.java" sourcepath="java/lang/String.java"/>
    </Method>
    <SourceLine classname="org.eclipse.jdt.internal.junit.ui.CompareResultDialog$CompareElement" start="128" end="128" startBytecode="26" endBytecode="26" sourcefile="CompareResultDialog.java" sourcepath="org/eclipse/jdt/internal/junit/ui/CompareResultDialog.java"/>
  </BugInstance>
  <BugInstance type="ES_COMPARING_STRINGS_WITH_EQ" priority="2" abbrev="ES" category="BAD_PRACTICE">
    <Class classname="org.eclipse.jdt.internal.junit.ui.FailureTrace">
      <SourceLine classname="org.eclipse.jdt.internal.junit.ui.FailureTrace" start="43" end="217" sourcefile="FailureTrace.java" sourcepath="org/eclipse/jdt/internal/junit/ui/FailureTrace.java"/>
    </Class>
    <Method classname="org.eclipse.jdt.internal.junit.ui.FailureTrace" name="showFailure" signature="(Lorg/eclipse/jdt/internal/junit/model/TestElement;)V" isStatic="false">
      <SourceLine classname="org.eclipse.jdt.internal.junit.ui.FailureTrace" start="156" end="165" startBytecode="0" endBytecode="24" sourcefile="FailureTrace.java" sourcepath="org/eclipse/jdt/internal/junit/ui/FailureTrace.java"/>
    </Method>
    <Type descriptor="Ljava/lang/String;" role="TYPE_FOUND">
      <SourceLine classname="java.lang.String" start="92" end="2973" sourcefile="String.java" sourcepath="java/lang/String.java"/>
    </Type>
    <LocalVariable name="trace" register="2" pc="26" role="LOCAL_VARIABLE_VALUE_OF"/>
    <Field classname="org.eclipse.jdt.internal.junit.ui.FailureTrace" name="fInputTrace" signature="Ljava/lang/String;" isStatic="false" role="FIELD_VALUE_OF">
      <SourceLine classname="org.eclipse.jdt.internal.junit.ui.FailureTrace" sourcefile="FailureTrace.java" sourcepath="org/eclipse/jdt/internal/junit/ui/FailureTrace.java"/>
    </Field>
    <SourceLine classname="org.eclipse.jdt.internal.junit.ui.FailureTrace" start="161" end="161" startBytecode="27" endBytecode="27" sourcefile="FailureTrace.java" sourcepath="org/eclipse/jdt/internal/junit/ui/FailureTrace.java"/>
  </BugInstance>
  <BugInstance type="ST_WRITE_TO_STATIC_FROM_INSTANCE_METHOD" priority="1" abbrev="ST" category="STYLE">
    <Class classname="org.eclipse.jdt.internal.junit.ui.JUnitPlugin">
      <SourceLine classname="org.eclipse.jdt.internal.junit.ui.JUnitPlugin" start="56" end="361" sourcefile="JUnitPlugin.java" sourcepath="org/eclipse/jdt/internal/junit/ui/JUnitPlugin.java"/>
    </Class>
    <Method classname="org.eclipse.jdt.internal.junit.ui.JUnitPlugin" name="&lt;init&gt;" signature="()V" isStatic="false">
      <SourceLine classname="org.eclipse.jdt.internal.junit.ui.JUnitPlugin" start="106" end="108" startBytecode="0" endBytecode="73" sourcefile="JUnitPlugin.java" sourcepath="org/eclipse/jdt/internal/junit/ui/JUnitPlugin.java"/>
    </Method>
    <Field classname="org.eclipse.jdt.internal.junit.ui.JUnitPlugin" name="fgPlugin" signature="Lorg/eclipse/jdt/internal/junit/ui/JUnitPlugin;" isStatic="true">
      <SourceLine classname="org.eclipse.jdt.internal.junit.ui.JUnitPlugin" sourcefile="JUnitPlugin.java" sourcepath="org/eclipse/jdt/internal/junit/ui/JUnitPlugin.java"/>
    </Field>
    <SourceLine classname="org.eclipse.jdt.internal.junit.ui.JUnitPlugin" start="107" end="107" startBytecode="16" endBytecode="16" sourcefile="JUnitPlugin.java" sourcepath="org/eclipse/jdt/internal/junit/ui/JUnitPlugin.java"/>
  </BugInstance>
  <BugInstance type="ST_WRITE_TO_STATIC_FROM_INSTANCE_METHOD" priority="1" abbrev="ST" category="STYLE">
    <Class classname="org.eclipse.jdt.internal.junit.ui.JUnitPlugin">
      <SourceLine classname="org.eclipse.jdt.internal.junit.ui.JUnitPlugin" start="56" end="361" sourcefile="JUnitPlugin.java" sourcepath="org/eclipse/jdt/internal/junit/ui/JUnitPlugin.java"/>
    </Class>
    <Method classname="org.eclipse.jdt.internal.junit.ui.JUnitPlugin" name="stop" signature="(Lorg/osgi/framework/BundleContext;)V" isStatic="false">
      <SourceLine classname="org.eclipse.jdt.internal.junit.ui.JUnitPlugin" start="229" end="236" startBytecode="0" endBytecode="136" sourcefile="JUnitPlugin.java" sourcepath="org/eclipse/jdt/internal/junit/ui/JUnitPlugin.java"/>
    </Method>
    <Field classname="org.eclipse.jdt.internal.junit.ui.JUnitPlugin" name="fIsStopped" signature="Z" isStatic="true">
      <SourceLine classname="org.eclipse.jdt.internal.junit.ui.JUnitPlugin" sourcefile="JUnitPlugin.java" sourcepath="org/eclipse/jdt/internal/junit/ui/JUnitPlugin.java"/>
    </Field>
    <SourceLine classname="org.eclipse.jdt.internal.junit.ui.JUnitPlugin" start="229" end="229" startBytecode="1" endBytecode="1" sourcefile="JUnitPlugin.java" sourcepath="org/eclipse/jdt/internal/junit/ui/JUnitPlugin.java"/>
  </BugInstance>
  <BugInstance type="MS_SHOULD_BE_FINAL" priority="1" abbrev="MS" category="MALICIOUS_CODE">
    <Class classname="org.eclipse.jdt.internal.junit.ui.JUnitPreferencesConstants">
      <SourceLine classname="org.eclipse.jdt.internal.junit.ui.JUnitPreferencesConstants" start="20" end="101" sourcefile="JUnitPreferencesConstants.java" sourcepath="org/eclipse/jdt/internal/junit/ui/JUnitPreferencesConstants.java"/>
    </Class>
    <Field classname="org.eclipse.jdt.internal.junit.ui.JUnitPreferencesConstants" name="ENABLE_ASSERTIONS" signature="Ljava/lang/String;" isStatic="true">
      <SourceLine classname="org.eclipse.jdt.internal.junit.ui.JUnitPreferencesConstants" sourcefile="JUnitPreferencesConstants.java" sourcepath="org/eclipse/jdt/internal/junit/ui/JUnitPreferencesConstants.java"/>
    </Field>
    <SourceLine classname="org.eclipse.jdt.internal.junit.ui.JUnitPreferencesConstants" start="37" end="37" startBytecode="2" endBytecode="2" sourcefile="JUnitPreferencesConstants.java" sourcepath="org/eclipse/jdt/internal/junit/ui/JUnitPreferencesConstants.java"/>
  </BugInstance>
  <BugInstance type="DLS_DEAD_LOCAL_STORE" priority="2" abbrev="DLS" category="STYLE">
    <Class classname="org.eclipse.jdt.internal.junit.ui.TestRunnerViewPart">
      <SourceLine classname="org.eclipse.jdt.internal.junit.ui.TestRunnerViewPart" start="1" end="1655" sourcefile="TestRunnerViewPart.java" sourcepath="org/eclipse/jdt/internal/junit/ui/TestRunnerViewPart.java"/>
    </Class>
    <Method classname="org.eclipse.jdt.internal.junit.ui.TestRunnerViewPart" name="showTestResultsView" signature="()V" isStatic="false">
      <SourceLine classname="org.eclipse.jdt.internal.junit.ui.TestRunnerViewPart" start="1253" end="1272" startBytecode="0" endBytecode="37" sourcefile="TestRunnerViewPart.java" sourcepath="org/eclipse/jdt/internal/junit/ui/TestRunnerViewPart.java"/>
    </Method>
    <LocalVariable name="testRunner" register="3" pc="59" role="LOCAL_VARIABLE_NAMED"/>
    <SourceLine classname="org.eclipse.jdt.internal.junit.ui.TestRunnerViewPart" start="1262" end="1262" startBytecode="58" endBytecode="58" sourcefile="TestRunnerViewPart.java" sourcepath="org/eclipse/jdt/internal/junit/ui/TestRunnerViewPart.java"/>
    <Property name="edu.umd.cs.findbugs.detect.DeadLocalStoreProperty.LOCAL_NAME" value="testRunner"/>
  </BugInstance>
  <BugInstance type="DM_DEFAULT_ENCODING" priority="1" abbrev="Dm" category="I18N">
    <Class classname="org.eclipse.jdt.internal.junit.ui.TestRunnerViewPart">
      <SourceLine classname="org.eclipse.jdt.internal.junit.ui.TestRunnerViewPart" start="1" end="1655" sourcefile="TestRunnerViewPart.java" sourcepath="org/eclipse/jdt/internal/junit/ui/TestRunnerViewPart.java"/>
    </Class>
    <Method classname="org.eclipse.jdt.internal.junit.ui.TestRunnerViewPart" name="createFailureNamesFile" signature="()Ljava/lang/String;" isStatic="false">
      <SourceLine classname="org.eclipse.jdt.internal.junit.ui.TestRunnerViewPart" start="932" end="950" startBytecode="0" endBytecode="328" sourcefile="TestRunnerViewPart.java" sourcepath="org/eclipse/jdt/internal/junit/ui/TestRunnerViewPart.java"/>
    </Method>
    <Method classname="java.io.FileWriter" name="&lt;init&gt;" signature="(Ljava/io/File;)V" isStatic="false" role="METHOD_CALLED">
      <SourceLine classname="java.io.FileWriter" start="73" end="74" startBytecode="0" endBytecode="40" sourcefile="FileWriter.java" sourcepath="java/io/FileWriter.java"/>
    </Method>
    <SourceLine classname="org.eclipse.jdt.internal.junit.ui.TestRunnerViewPart" start="937" end="937" startBytecode="33" endBytecode="33" sourcefile="TestRunnerViewPart.java" sourcepath="org/eclipse/jdt/internal/junit/ui/TestRunnerViewPart.java"/>
  </BugInstance>
  <BugInstance type="DB_DUPLICATE_BRANCHES" priority="2" abbrev="DB" category="STYLE">
    <Class classname="org.eclipse.jdt.internal.junit.ui.TestRunnerViewPart$TestSessionListener">
      <SourceLine classname="org.eclipse.jdt.internal.junit.ui.TestRunnerViewPart$TestSessionListener" start="390" end="490" sourcefile="TestRunnerViewPart.java" sourcepath="org/eclipse/jdt/internal/junit/ui/TestRunnerViewPart.java"/>
    </Class>
    <Method classname="org.eclipse.jdt.internal.junit.ui.TestRunnerViewPart$TestSessionListener" name="sessionEnded" signature="(J)V" isStatic="false">
      <SourceLine classname="org.eclipse.jdt.internal.junit.ui.TestRunnerViewPart$TestSessionListener" start="402" end="429" startBytecode="0" endBytecode="193" sourcefile="TestRunnerViewPart.java" sourcepath="org/eclipse/jdt/internal/junit/ui/TestRunnerViewPart.java"/>
    </Method>
    <SourceLine classname="org.eclipse.jdt.internal.junit.ui.TestRunnerViewPart$TestSessionListener" start="407" end="407" startBytecode="46" endBytecode="55" sourcefile="TestRunnerViewPart.java" sourcepath="org/eclipse/jdt/internal/junit/ui/TestRunnerViewPart.java"/>
    <SourceLine classname="org.eclipse.jdt.internal.junit.ui.TestRunnerViewPart$TestSessionListener" start="409" end="409" startBytecode="58" endBytecode="64" sourcefile="TestRunnerViewPart.java" sourcepath="org/eclipse/jdt/internal/junit/ui/TestRunnerViewPart.java"/>
  </BugInstance>
  <BugInstance type="IS2_INCONSISTENT_SYNC" priority="2" abbrev="IS" category="MT_CORRECTNESS">
    <Class classname="org.eclipse.jdt.internal.junit.ui.TestViewer">
      <SourceLine classname="org.eclipse.jdt.internal.junit.ui.TestViewer" start="121" end="669" sourcefile="TestViewer.java" sourcepath="org/eclipse/jdt/internal/junit/ui/TestViewer.java"/>
    </Class>
    <Field classname="org.eclipse.jdt.internal.junit.ui.TestViewer" name="fAutoExpand" signature="Ljava/util/HashSet;" isStatic="false">
      <SourceLine classname="org.eclipse.jdt.internal.junit.ui.TestViewer" sourcefile="TestViewer.java" sourcepath="org/eclipse/jdt/internal/junit/ui/TestViewer.java"/>
    </Field>
    <Int value="75" role="INT_SYNC_PERCENT"/>
    <SourceLine classname="org.eclipse.jdt.internal.junit.ui.TestViewer" start="644" end="644" startBytecode="30" endBytecode="30" sourcefile="TestViewer.java" sourcepath="org/eclipse/jdt/internal/junit/ui/TestViewer.java" role="SOURCE_LINE_UNSYNC_ACCESS"/>
    <SourceLine classname="org.eclipse.jdt.internal.junit.ui.TestViewer" start="531" end="531" startBytecode="53" endBytecode="53" sourcefile="TestViewer.java" sourcepath="org/eclipse/jdt/internal/junit/ui/TestViewer.java" role="SOURCE_LINE_SYNC_ACCESS"/>
    <SourceLine classname="org.eclipse.jdt.internal.junit.ui.TestViewer" start="668" end="668" startBytecode="14" endBytecode="14" sourcefile="TestViewer.java" sourcepath="org/eclipse/jdt/internal/junit/ui/TestViewer.java" role="SOURCE_LINE_SYNC_ACCESS"/>
    <SourceLine classname="org.eclipse.jdt.internal.junit.ui.TestViewer" start="658" end="658" startBytecode="1" endBytecode="1" sourcefile="TestViewer.java" sourcepath="org/eclipse/jdt/internal/junit/ui/TestViewer.java" role="SOURCE_LINE_SYNC_ACCESS"/>
  </BugInstance>
  <BugInstance type="IS2_INCONSISTENT_SYNC" priority="2" abbrev="IS" category="MT_CORRECTNESS">
    <Class classname="org.eclipse.jdt.internal.junit.ui.TestViewer">
      <SourceLine classname="org.eclipse.jdt.internal.junit.ui.TestViewer" start="121" end="669" sourcefile="TestViewer.java" sourcepath="org/eclipse/jdt/internal/junit/ui/TestViewer.java"/>
    </Class>
    <Field classname="org.eclipse.jdt.internal.junit.ui.TestViewer" name="fNeedUpdate" signature="Ljava/util/HashSet;" isStatic="false">
      <SourceLine classname="org.eclipse.jdt.internal.junit.ui.TestViewer" sourcefile="TestViewer.java" sourcepath="org/eclipse/jdt/internal/junit/ui/TestViewer.java"/>
    </Field>
    <Int value="75" role="INT_SYNC_PERCENT"/>
    <SourceLine classname="org.eclipse.jdt.internal.junit.ui.TestViewer" start="642" end="642" startBytecode="8" endBytecode="8" sourcefile="TestViewer.java" sourcepath="org/eclipse/jdt/internal/junit/ui/TestViewer.java" role="SOURCE_LINE_UNSYNC_ACCESS"/>
    <SourceLine classname="org.eclipse.jdt.internal.junit.ui.TestViewer" start="654" end="654" startBytecode="1" endBytecode="1" sourcefile="TestViewer.java" sourcepath="org/eclipse/jdt/internal/junit/ui/TestViewer.java" role="SOURCE_LINE_SYNC_ACCESS"/>
    <SourceLine classname="org.eclipse.jdt.internal.junit.ui.TestViewer" start="431" end="431" startBytecode="80" endBytecode="80" sourcefile="TestViewer.java" sourcepath="org/eclipse/jdt/internal/junit/ui/TestViewer.java" role="SOURCE_LINE_SYNC_ACCESS"/>
    <SourceLine classname="org.eclipse.jdt.internal.junit.ui.TestViewer" start="432" end="432" startBytecode="88" endBytecode="88" sourcefile="TestViewer.java" sourcepath="org/eclipse/jdt/internal/junit/ui/TestViewer.java" role="SOURCE_LINE_SYNC_ACCESS"/>
  </BugInstance>
  <BugInstance type="URF_UNREAD_PUBLIC_OR_PROTECTED_FIELD" priority="2" abbrev="UrF" category="STYLE">
    <Class classname="org.eclipse.jdt.internal.junit.util.JUnitStubUtility$GenStubSettings">
      <SourceLine classname="org.eclipse.jdt.internal.junit.util.JUnitStubUtility$GenStubSettings" start="68" end="72" sourcefile="JUnitStubUtility.java" sourcepath="org/eclipse/jdt/internal/junit/util/JUnitStubUtility.java"/>
    </Class>
    <Field classname="org.eclipse.jdt.internal.junit.util.JUnitStubUtility$GenStubSettings" name="useKeywordThis" signature="Z" isStatic="false">
      <SourceLine classname="org.eclipse.jdt.internal.junit.util.JUnitStubUtility$GenStubSettings" sourcefile="JUnitStubUtility.java" sourcepath="org/eclipse/jdt/internal/junit/util/JUnitStubUtility.java"/>
    </Field>
    <SourceLine classname="org.eclipse.jdt.internal.junit.util.JUnitStubUtility$GenStubSettings" start="70" end="70" startBytecode="33" endBytecode="33" sourcefile="JUnitStubUtility.java" sourcepath="org/eclipse/jdt/internal/junit/util/JUnitStubUtility.java"/>
  </BugInstance>
  <BugInstance type="WMI_WRONG_MAP_ITERATOR" priority="2" abbrev="WMI" category="PERFORMANCE">
    <Class classname="org.eclipse.jdt.internal.junit.util.Resources">
      <SourceLine classname="org.eclipse.jdt.internal.junit.util.Resources" start="36" end="175" sourcefile="Resources.java" sourcepath="org/eclipse/jdt/internal/junit/util/Resources.java"/>
    </Class>
    <Method classname="org.eclipse.jdt.internal.junit.util.Resources" name="makeCommittable" signature="([Lorg/eclipse/core/resources/IResource;Ljava/lang/Object;)Lorg/eclipse/core/runtime/IStatus;" isStatic="true">
      <SourceLine classname="org.eclipse.jdt.internal.junit.util.Resources" start="103" end="127" startBytecode="0" endBytecode="468" sourcefile="Resources.java" sourcepath="org/eclipse/jdt/internal/junit/util/Resources.java"/>
    </Method>
    <SourceLine classname="org.eclipse.jdt.internal.junit.util.Resources" start="122" end="122" startBytecode="172" endBytecode="172" sourcefile="Resources.java" sourcepath="org/eclipse/jdt/internal/junit/util/Resources.java"/>
  </BugInstance>
  <BugInstance type="EI_EXPOSE_REP2" priority="2" abbrev="EI2" category="MALICIOUS_CODE">
    <Class classname="org.eclipse.jdt.internal.junit.wizards.MethodStubsSelectionButtonGroup">
      <SourceLine classname="org.eclipse.jdt.internal.junit.wizards.MethodStubsSelectionButtonGroup" start="66" end="419" sourcefile="MethodStubsSelectionButtonGroup.java" sourcepath="org/eclipse/jdt/internal/junit/wizards/MethodStubsSelectionButtonGroup.java"/>
    </Class>
    <Method classname="org.eclipse.jdt.internal.junit.wizards.MethodStubsSelectionButtonGroup" name="&lt;init&gt;" signature="(I[Ljava/lang/String;II)V" isStatic="false">
      <SourceLine classname="org.eclipse.jdt.internal.junit.wizards.MethodStubsSelectionButtonGroup" start="74" end="98" startBytecode="0" endBytecode="315" sourcefile="MethodStubsSelectionButtonGroup.java" sourcepath="org/eclipse/jdt/internal/junit/wizards/MethodStubsSelectionButtonGroup.java"/>
    </Method>
    <Field classname="org.eclipse.jdt.internal.junit.wizards.MethodStubsSelectionButtonGroup" name="fButtonNames" signature="[Ljava/lang/String;" isStatic="false">
      <SourceLine classname="org.eclipse.jdt.internal.junit.wizards.MethodStubsSelectionButtonGroup" sourcefile="MethodStubsSelectionButtonGroup.java" sourcepath="org/eclipse/jdt/internal/junit/wizards/MethodStubsSelectionButtonGroup.java"/>
    </Field>
    <LocalVariable name="buttonNames" register="2" pc="48" role="LOCAL_VARIABLE_NAMED"/>
    <SourceLine classname="org.eclipse.jdt.internal.junit.wizards.MethodStubsSelectionButtonGroup" start="80" end="80" startBytecode="48" endBytecode="48" sourcefile="MethodStubsSelectionButtonGroup.java" sourcepath="org/eclipse/jdt/internal/junit/wizards/MethodStubsSelectionButtonGroup.java"/>
  </BugInstance>
  <Errors errors="0" missingClasses="303">
    <MissingClass>org.eclipse.compare.CompareConfiguration</MissingClass>
    <MissingClass>org.eclipse.compare.CompareViewerPane</MissingClass>
    <MissingClass>org.eclipse.compare.contentmergeviewer.TextMergeViewer</MissingClass>
    <MissingClass>org.eclipse.compare.structuremergeviewer.DiffNode</MissingClass>
    <MissingClass>org.eclipse.core.expressions.PropertyTester</MissingClass>
    <MissingClass>org.eclipse.core.resources.IFile</MissingClass>
    <MissingClass>org.eclipse.core.resources.IProject</MissingClass>
    <MissingClass>org.eclipse.core.resources.IResource</MissingClass>
    <MissingClass>org.eclipse.core.resources.IWorkspace</MissingClass>
    <MissingClass>org.eclipse.core.resources.IWorkspaceRoot</MissingClass>
    <MissingClass>org.eclipse.core.resources.ResourceAttributes</MissingClass>
    <MissingClass>org.eclipse.core.resources.ResourcesPlugin</MissingClass>
    <MissingClass>org.eclipse.core.runtime.CoreException</MissingClass>
    <MissingClass>org.eclipse.core.runtime.FileLocator</MissingClass>
    <MissingClass>org.eclipse.core.runtime.IAdaptable</MissingClass>
    <MissingClass>org.eclipse.core.runtime.IConfigurationElement</MissingClass>
    <MissingClass>org.eclipse.core.runtime.IExtension</MissingClass>
    <MissingClass>org.eclipse.core.runtime.IExtensionPoint</MissingClass>
    <MissingClass>org.eclipse.core.runtime.IExtensionRegistry</MissingClass>
    <MissingClass>org.eclipse.core.runtime.ILog</MissingClass>
    <MissingClass>org.eclipse.core.runtime.IPath</MissingClass>
    <MissingClass>org.eclipse.core.runtime.IProgressMonitor</MissingClass>
    <MissingClass>org.eclipse.core.runtime.ISafeRunnable</MissingClass>
    <MissingClass>org.eclipse.core.runtime.IStatus</MissingClass>
    <MissingClass>org.eclipse.core.runtime.ListenerList</MissingClass>
    <MissingClass>org.eclipse.core.runtime.MultiStatus</MissingClass>
    <MissingClass>org.eclipse.core.runtime.NullProgressMonitor</MissingClass>
    <MissingClass>org.eclipse.core.runtime.OperationCanceledException</MissingClass>
    <MissingClass>org.eclipse.core.runtime.Path</MissingClass>
    <MissingClass>org.eclipse.core.runtime.Platform</MissingClass>
    <MissingClass>org.eclipse.core.runtime.Preferences</MissingClass>
    <MissingClass>org.eclipse.core.runtime.SafeRunner</MissingClass>
    <MissingClass>org.eclipse.core.runtime.Status</MissingClass>
    <MissingClass>org.eclipse.core.runtime.SubProgressMonitor</MissingClass>
    <MissingClass>org.eclipse.core.runtime.jobs.IJobManager</MissingClass>
    <MissingClass>org.eclipse.core.runtime.jobs.ILock</MissingClass>
    <MissingClass>org.eclipse.core.runtime.jobs.Job</MissingClass>
    <MissingClass>org.eclipse.core.runtime.preferences.AbstractPreferenceInitializer</MissingClass>
    <MissingClass>org.eclipse.core.variables.IStringVariableManager</MissingClass>
    <MissingClass>org.eclipse.core.variables.VariablesPlugin</MissingClass>
    <MissingClass>org.eclipse.debug.core.DebugPlugin</MissingClass>
    <MissingClass>org.eclipse.debug.core.ILaunch</MissingClass>
    <MissingClass>org.eclipse.debug.core.ILaunchConfiguration</MissingClass>
    <MissingClass>org.eclipse.debug.core.ILaunchConfigurationType</MissingClass>
    <MissingClass>org.eclipse.debug.core.ILaunchConfigurationWorkingCopy</MissingClass>
    <MissingClass>org.eclipse.debug.core.ILaunchManager</MissingClass>
    <MissingClass>org.eclipse.debug.ui.AbstractLaunchConfigurationTab</MissingClass>
    <MissingClass>org.eclipse.debug.ui.AbstractLaunchConfigurationTabGroup</MissingClass>
    <MissingClass>org.eclipse.debug.ui.CommonTab</MissingClass>
    <MissingClass>org.eclipse.debug.ui.DebugUITools</MissingClass>
    <MissingClass>org.eclipse.debug.ui.EnvironmentTab</MissingClass>
    <MissingClass>org.eclipse.debug.ui.IDebugModelPresentation</MissingClass>
    <MissingClass>org.eclipse.debug.ui.ILaunchConfigurationDialog</MissingClass>
    <MissingClass>org.eclipse.debug.ui.ILaunchShortcut</MissingClass>
    <MissingClass>org.eclipse.debug.ui.sourcelookup.SourceLookupTab</MissingClass>
    <MissingClass>org.eclipse.jdt.core.ClasspathContainerInitializer</MissingClass>
    <MissingClass>org.eclipse.jdt.core.ClasspathVariableInitializer</MissingClass>
    <MissingClass>org.eclipse.jdt.core.ElementChangedEvent</MissingClass>
    <MissingClass>org.eclipse.jdt.core.Flags</MissingClass>
    <MissingClass>org.eclipse.jdt.core.IBuffer</MissingClass>
    <MissingClass>org.eclipse.jdt.core.IClassFile</MissingClass>
    <MissingClass>org.eclipse.jdt.core.IClasspathEntry</MissingClass>
    <MissingClass>org.eclipse.jdt.core.ICompilationUnit</MissingClass>
    <MissingClass>org.eclipse.jdt.core.IField</MissingClass>
    <MissingClass>org.eclipse.jdt.core.IJavaElement</MissingClass>
    <MissingClass>org.eclipse.jdt.core.IJavaElementDelta</MissingClass>
    <MissingClass>org.eclipse.jdt.core.IJavaModel</MissingClass>
    <MissingClass>org.eclipse.jdt.core.IJavaProject</MissingClass>
    <MissingClass>org.eclipse.jdt.core.IMember</MissingClass>
    <MissingClass>org.eclipse.jdt.core.IMethod</MissingClass>
    <MissingClass>org.eclipse.jdt.core.IPackageFragment</MissingClass>
    <MissingClass>org.eclipse.jdt.core.IPackageFragmentRoot</MissingClass>
    <MissingClass>org.eclipse.jdt.core.IRegion</MissingClass>
    <MissingClass>org.eclipse.jdt.core.ISourceRange</MissingClass>
    <MissingClass>org.eclipse.jdt.core.ISourceReference</MissingClass>
    <MissingClass>org.eclipse.jdt.core.IType</MissingClass>
    <MissingClass>org.eclipse.jdt.core.ITypeHierarchy</MissingClass>
    <MissingClass>org.eclipse.jdt.core.JavaConventions</MissingClass>
    <MissingClass>org.eclipse.jdt.core.JavaCore</MissingClass>
    <MissingClass>org.eclipse.jdt.core.JavaModelException</MissingClass>
    <MissingClass>org.eclipse.jdt.core.Signature</MissingClass>
    <MissingClass>org.eclipse.jdt.core.ToolFactory</MissingClass>
    <MissingClass>org.eclipse.jdt.core.compiler.IScanner</MissingClass>
    <MissingClass>org.eclipse.jdt.core.dom.ASTNode</MissingClass>
    <MissingClass>org.eclipse.jdt.core.dom.ASTParser</MissingClass>
    <MissingClass>org.eclipse.jdt.core.dom.IAnnotationBinding</MissingClass>
    <MissingClass>org.eclipse.jdt.core.dom.IMethodBinding</MissingClass>
    <MissingClass>org.eclipse.jdt.core.dom.ITypeBinding</MissingClass>
    <MissingClass>org.eclipse.jdt.core.dom.MethodDeclaration</MissingClass>
    <MissingClass>org.eclipse.jdt.core.dom.rewrite.ImportRewrite</MissingClass>
    <MissingClass>org.eclipse.jdt.core.formatter.CodeFormatter</MissingClass>
    <MissingClass>org.eclipse.jdt.core.formatter.IndentManipulation</MissingClass>
    <MissingClass>org.eclipse.jdt.core.search.SearchEngine</MissingClass>
    <MissingClass>org.eclipse.jdt.core.search.SearchMatch</MissingClass>
    <MissingClass>org.eclipse.jdt.core.search.SearchPattern</MissingClass>
    <MissingClass>org.eclipse.jdt.core.search.SearchRequestor</MissingClass>
    <MissingClass>org.eclipse.jdt.debug.ui.launchConfigurations.JavaArgumentsTab</MissingClass>
    <MissingClass>org.eclipse.jdt.debug.ui.launchConfigurations.JavaClasspathTab</MissingClass>
    <MissingClass>org.eclipse.jdt.debug.ui.launchConfigurations.JavaJRETab</MissingClass>
    <MissingClass>org.eclipse.jdt.internal.corext.codemanipulation.StubUtility</MissingClass>
    <MissingClass>org.eclipse.jdt.internal.corext.util.JavaModelUtil</MissingClass>
    <MissingClass>org.eclipse.jdt.internal.ui.JavaPlugin</MissingClass>
    <MissingClass>org.eclipse.jdt.internal.ui.JavaPluginImages</MissingClass>
    <MissingClass>org.eclipse.jdt.internal.ui.actions.SelectionConverter</MissingClass>
    <MissingClass>org.eclipse.jdt.internal.ui.javaeditor.EditorUtility</MissingClass>
    <MissingClass>org.eclipse.jdt.internal.ui.javaeditor.JavaEditor</MissingClass>
    <MissingClass>org.eclipse.jdt.internal.ui.refactoring.contentassist.ControlContentAssistHelper</MissingClass>
    <MissingClass>org.eclipse.jdt.internal.ui.refactoring.contentassist.JavaTypeCompletionProcessor</MissingClass>
    <MissingClass>org.eclipse.jdt.internal.ui.util.BusyIndicatorRunnableContext</MissingClass>
    <MissingClass>org.eclipse.jdt.internal.ui.util.PixelConverter</MissingClass>
    <MissingClass>org.eclipse.jdt.internal.ui.util.SWTUtil</MissingClass>
    <MissingClass>org.eclipse.jdt.internal.ui.util.TableLayoutComposite</MissingClass>
    <MissingClass>org.eclipse.jdt.internal.ui.viewsupport.SelectionProviderMediator</MissingClass>
    <MissingClass>org.eclipse.jdt.internal.ui.viewsupport.ViewHistory</MissingClass>
    <MissingClass>org.eclipse.jdt.internal.ui.wizards.TypedElementSelectionValidator</MissingClass>
    <MissingClass>org.eclipse.jdt.internal.ui.wizards.TypedViewerFilter</MissingClass>
    <MissingClass>org.eclipse.jdt.launching.AbstractJavaLaunchConfigurationDelegate</MissingClass>
    <MissingClass>org.eclipse.jdt.launching.ExecutionArguments</MissingClass>
    <MissingClass>org.eclipse.jdt.launching.IJavaLaunchConfigurationConstants</MissingClass>
    <MissingClass>org.eclipse.jdt.launching.IVMInstall</MissingClass>
    <MissingClass>org.eclipse.jdt.launching.IVMRunner</MissingClass>
    <MissingClass>org.eclipse.jdt.launching.SocketUtil</MissingClass>
    <MissingClass>org.eclipse.jdt.launching.VMRunnerConfiguration</MissingClass>
    <MissingClass>org.eclipse.jdt.ui.CodeGeneration</MissingClass>
    <MissingClass>org.eclipse.jdt.ui.CodeStyleConfiguration</MissingClass>
    <MissingClass>org.eclipse.jdt.ui.ISharedImages</MissingClass>
    <MissingClass>org.eclipse.jdt.ui.JavaElementLabelProvider</MissingClass>
    <MissingClass>org.eclipse.jdt.ui.JavaElementLabels</MissingClass>
    <MissingClass>org.eclipse.jdt.ui.JavaElementSorter</MissingClass>
    <MissingClass>org.eclipse.jdt.ui.JavaUI</MissingClass>
    <MissingClass>org.eclipse.jdt.ui.PreferenceConstants</MissingClass>
    <MissingClass>org.eclipse.jdt.ui.StandardJavaElementContentProvider</MissingClass>
    <MissingClass>org.eclipse.jdt.ui.text.java.IInvocationContext</MissingClass>
    <MissingClass>org.eclipse.jdt.ui.text.java.IProblemLocation</MissingClass>
    <MissingClass>org.eclipse.jdt.ui.wizards.NewElementWizardPage</MissingClass>
    <MissingClass>org.eclipse.jdt.ui.wizards.NewTypeWizardPage</MissingClass>
    <MissingClass>org.eclipse.jdt.ui.wizards.NewTypeWizardPage$ImportsManager</MissingClass>
    <MissingClass>org.eclipse.jface.action.Action</MissingClass>
    <MissingClass>org.eclipse.jface.action.IAction</MissingClass>
    <MissingClass>org.eclipse.jface.action.IMenuListener</MissingClass>
    <MissingClass>org.eclipse.jface.action.IMenuManager</MissingClass>
    <MissingClass>org.eclipse.jface.action.IStatusLineManager</MissingClass>
    <MissingClass>org.eclipse.jface.action.IToolBarManager</MissingClass>
    <MissingClass>org.eclipse.jface.action.MenuManager</MissingClass>
    <MissingClass>org.eclipse.jface.action.Separator</MissingClass>
    <MissingClass>org.eclipse.jface.action.ToolBarManager</MissingClass>
    <MissingClass>org.eclipse.jface.dialogs.Dialog</MissingClass>
    <MissingClass>org.eclipse.jface.dialogs.DialogSettings</MissingClass>
    <MissingClass>org.eclipse.jface.dialogs.ErrorDialog</MissingClass>
    <MissingClass>org.eclipse.jface.dialogs.IDialogSettings</MissingClass>
    <MissingClass>org.eclipse.jface.dialogs.MessageDialog</MissingClass>
    <MissingClass>org.eclipse.jface.dialogs.TrayDialog</MissingClass>
    <MissingClass>org.eclipse.jface.operation.IRunnableContext</MissingClass>
    <MissingClass>org.eclipse.jface.operation.IRunnableWithProgress</MissingClass>
    <MissingClass>org.eclipse.jface.preference.IPreferenceStore</MissingClass>
    <MissingClass>org.eclipse.jface.preference.PreferenceDialog</MissingClass>
    <MissingClass>org.eclipse.jface.preference.PreferencePage</MissingClass>
    <MissingClass>org.eclipse.jface.resource.ImageDescriptor</MissingClass>
    <MissingClass>org.eclipse.jface.resource.JFaceResources</MissingClass>
    <MissingClass>org.eclipse.jface.text.BadLocationException</MissingClass>
    <MissingClass>org.eclipse.jface.text.Document</MissingClass>
    <MissingClass>org.eclipse.jface.text.IDocument</MissingClass>
    <MissingClass>org.eclipse.jface.text.Region</MissingClass>
    <MissingClass>org.eclipse.jface.text.TextAttribute</MissingClass>
    <MissingClass>org.eclipse.jface.text.TextPresentation</MissingClass>
    <MissingClass>org.eclipse.jface.text.TextViewer</MissingClass>
    <MissingClass>org.eclipse.jface.text.presentation.PresentationReconciler</MissingClass>
    <MissingClass>org.eclipse.jface.text.source.SourceViewer</MissingClass>
    <MissingClass>org.eclipse.jface.text.source.SourceViewerConfiguration</MissingClass>
    <MissingClass>org.eclipse.jface.util.Assert</MissingClass>
    <MissingClass>org.eclipse.jface.util.IOpenEventListener</MissingClass>
    <MissingClass>org.eclipse.jface.util.OpenStrategy</MissingClass>
    <MissingClass>org.eclipse.jface.viewers.ArrayContentProvider</MissingClass>
    <MissingClass>org.eclipse.jface.viewers.CheckStateChangedEvent</MissingClass>
    <MissingClass>org.eclipse.jface.viewers.CheckboxTableViewer</MissingClass>
    <MissingClass>org.eclipse.jface.viewers.ColumnWeightData</MissingClass>
    <MissingClass>org.eclipse.jface.viewers.ComboViewer</MissingClass>
    <MissingClass>org.eclipse.jface.viewers.ContentViewer</MissingClass>
    <MissingClass>org.eclipse.jface.viewers.IBaseLabelProvider</MissingClass>
    <MissingClass>org.eclipse.jface.viewers.ICheckStateListener</MissingClass>
    <MissingClass>org.eclipse.jface.viewers.IContentProvider</MissingClass>
    <MissingClass>org.eclipse.jface.viewers.ILabelProvider</MissingClass>
    <MissingClass>org.eclipse.jface.viewers.ISelection</MissingClass>
    <MissingClass>org.eclipse.jface.viewers.ISelectionChangedListener</MissingClass>
    <MissingClass>org.eclipse.jface.viewers.IStructuredContentProvider</MissingClass>
    <MissingClass>org.eclipse.jface.viewers.IStructuredSelection</MissingClass>
    <MissingClass>org.eclipse.jface.viewers.LabelProvider</MissingClass>
    <MissingClass>org.eclipse.jface.viewers.SelectionChangedEvent</MissingClass>
    <MissingClass>org.eclipse.jface.viewers.StructuredSelection</MissingClass>
    <MissingClass>org.eclipse.jface.viewers.StructuredViewer</MissingClass>
    <MissingClass>org.eclipse.jface.viewers.TableViewer</MissingClass>
    <MissingClass>org.eclipse.jface.viewers.TreeViewer</MissingClass>
    <MissingClass>org.eclipse.jface.viewers.Viewer</MissingClass>
    <MissingClass>org.eclipse.jface.viewers.ViewerFilter</MissingClass>
    <MissingClass>org.eclipse.jface.wizard.IWizard</MissingClass>
    <MissingClass>org.eclipse.jface.wizard.IWizardContainer</MissingClass>
    <MissingClass>org.eclipse.jface.wizard.Wizard</MissingClass>
    <MissingClass>org.eclipse.jface.wizard.WizardPage</MissingClass>
    <MissingClass>org.eclipse.ltk.core.refactoring.Change</MissingClass>
    <MissingClass>org.eclipse.ltk.core.refactoring.CompositeChange</MissingClass>
    <MissingClass>org.eclipse.ltk.core.refactoring.NullChange</MissingClass>
    <MissingClass>org.eclipse.ltk.core.refactoring.RefactoringStatus</MissingClass>
    <MissingClass>org.eclipse.ltk.core.refactoring.participants.RenameArguments</MissingClass>
    <MissingClass>org.eclipse.ltk.core.refactoring.participants.RenameParticipant</MissingClass>
    <MissingClass>org.eclipse.osgi.util.NLS</MissingClass>
    <MissingClass>org.eclipse.swt.SWT</MissingClass>
    <MissingClass>org.eclipse.swt.SWTError</MissingClass>
    <MissingClass>org.eclipse.swt.custom.BusyIndicator</MissingClass>
    <MissingClass>org.eclipse.swt.custom.CLabel</MissingClass>
    <MissingClass>org.eclipse.swt.custom.SashForm</MissingClass>
    <MissingClass>org.eclipse.swt.custom.StyleRange</MissingClass>
    <MissingClass>org.eclipse.swt.custom.TableEditor</MissingClass>
    <MissingClass>org.eclipse.swt.custom.ViewForm</MissingClass>
    <MissingClass>org.eclipse.swt.dnd.Clipboard</MissingClass>
    <MissingClass>org.eclipse.swt.dnd.TextTransfer</MissingClass>
    <MissingClass>org.eclipse.swt.events.ControlAdapter</MissingClass>
    <MissingClass>org.eclipse.swt.events.ControlListener</MissingClass>
    <MissingClass>org.eclipse.swt.events.DisposeListener</MissingClass>
    <MissingClass>org.eclipse.swt.events.FocusAdapter</MissingClass>
    <MissingClass>org.eclipse.swt.events.KeyAdapter</MissingClass>
    <MissingClass>org.eclipse.swt.events.KeyEvent</MissingClass>
    <MissingClass>org.eclipse.swt.events.ModifyEvent</MissingClass>
    <MissingClass>org.eclipse.swt.events.ModifyListener</MissingClass>
    <MissingClass>org.eclipse.swt.events.PaintEvent</MissingClass>
    <MissingClass>org.eclipse.swt.events.PaintListener</MissingClass>
    <MissingClass>org.eclipse.swt.events.SelectionAdapter</MissingClass>
    <MissingClass>org.eclipse.swt.events.SelectionEvent</MissingClass>
    <MissingClass>org.eclipse.swt.events.SelectionListener</MissingClass>
    <MissingClass>org.eclipse.swt.graphics.Color</MissingClass>
    <MissingClass>org.eclipse.swt.graphics.GC</MissingClass>
    <MissingClass>org.eclipse.swt.graphics.Image</MissingClass>
    <MissingClass>org.eclipse.swt.graphics.Point</MissingClass>
    <MissingClass>org.eclipse.swt.graphics.Rectangle</MissingClass>
    <MissingClass>org.eclipse.swt.layout.GridData</MissingClass>
    <MissingClass>org.eclipse.swt.layout.GridLayout</MissingClass>
    <MissingClass>org.eclipse.swt.widgets.Button</MissingClass>
    <MissingClass>org.eclipse.swt.widgets.Canvas</MissingClass>
    <MissingClass>org.eclipse.swt.widgets.Combo</MissingClass>
    <MissingClass>org.eclipse.swt.widgets.Composite</MissingClass>
    <MissingClass>org.eclipse.swt.widgets.Control</MissingClass>
    <MissingClass>org.eclipse.swt.widgets.Display</MissingClass>
    <MissingClass>org.eclipse.swt.widgets.Event</MissingClass>
    <MissingClass>org.eclipse.swt.widgets.Group</MissingClass>
    <MissingClass>org.eclipse.swt.widgets.Label</MissingClass>
    <MissingClass>org.eclipse.swt.widgets.Layout</MissingClass>
    <MissingClass>org.eclipse.swt.widgets.Link</MissingClass>
    <MissingClass>org.eclipse.swt.widgets.Listener</MissingClass>
    <MissingClass>org.eclipse.swt.widgets.Shell</MissingClass>
    <MissingClass>org.eclipse.swt.widgets.Table</MissingClass>
    <MissingClass>org.eclipse.swt.widgets.TableColumn</MissingClass>
    <MissingClass>org.eclipse.swt.widgets.TableItem</MissingClass>
    <MissingClass>org.eclipse.swt.widgets.Text</MissingClass>
    <MissingClass>org.eclipse.swt.widgets.ToolBar</MissingClass>
    <MissingClass>org.eclipse.swt.widgets.Tree</MissingClass>
    <MissingClass>org.eclipse.swt.widgets.Widget</MissingClass>
    <MissingClass>org.eclipse.text.edits.TextEdit</MissingClass>
    <MissingClass>org.eclipse.ui.IActionBars</MissingClass>
    <MissingClass>org.eclipse.ui.IEditorActionBarContributor</MissingClass>
    <MissingClass>org.eclipse.ui.IEditorInput</MissingClass>
    <MissingClass>org.eclipse.ui.IEditorPart</MissingClass>
    <MissingClass>org.eclipse.ui.IEditorSite</MissingClass>
    <MissingClass>org.eclipse.ui.IFileEditorInput</MissingClass>
    <MissingClass>org.eclipse.ui.IMemento</MissingClass>
    <MissingClass>org.eclipse.ui.IPartListener2</MissingClass>
    <MissingClass>org.eclipse.ui.IViewPart</MissingClass>
    <MissingClass>org.eclipse.ui.IViewSite</MissingClass>
    <MissingClass>org.eclipse.ui.IWorkbench</MissingClass>
    <MissingClass>org.eclipse.ui.IWorkbenchPage</MissingClass>
    <MissingClass>org.eclipse.ui.IWorkbenchPart</MissingClass>
    <MissingClass>org.eclipse.ui.IWorkbenchPartReference</MissingClass>
    <MissingClass>org.eclipse.ui.IWorkbenchPartSite</MissingClass>
    <MissingClass>org.eclipse.ui.IWorkbenchWindow</MissingClass>
    <MissingClass>org.eclipse.ui.PartInitException</MissingClass>
    <MissingClass>org.eclipse.ui.PlatformUI</MissingClass>
    <MissingClass>org.eclipse.ui.actions.ActionFactory</MissingClass>
    <MissingClass>org.eclipse.ui.actions.SelectionListenerAction</MissingClass>
    <MissingClass>org.eclipse.ui.actions.WorkspaceModifyDelegatingOperation</MissingClass>
    <MissingClass>org.eclipse.ui.dialogs.ContainerCheckedTreeViewer</MissingClass>
    <MissingClass>org.eclipse.ui.dialogs.ElementListSelectionDialog</MissingClass>
    <MissingClass>org.eclipse.ui.dialogs.ElementTreeSelectionDialog</MissingClass>
    <MissingClass>org.eclipse.ui.dialogs.ISelectionStatusValidator</MissingClass>
    <MissingClass>org.eclipse.ui.dialogs.PreferencesUtil</MissingClass>
    <MissingClass>org.eclipse.ui.dialogs.SelectionDialog</MissingClass>
    <MissingClass>org.eclipse.ui.dialogs.SelectionStatusDialog</MissingClass>
    <MissingClass>org.eclipse.ui.dialogs.TwoPaneElementSelector</MissingClass>
    <MissingClass>org.eclipse.ui.help.IWorkbenchHelpSystem</MissingClass>
    <MissingClass>org.eclipse.ui.ide.IDE</MissingClass>
    <MissingClass>org.eclipse.ui.model.WorkbenchViewerSorter</MissingClass>
    <MissingClass>org.eclipse.ui.part.EditorActionBarContributor</MissingClass>
    <MissingClass>org.eclipse.ui.part.PageBook</MissingClass>
    <MissingClass>org.eclipse.ui.part.ViewPart</MissingClass>
    <MissingClass>org.eclipse.ui.part.WorkbenchPart</MissingClass>
    <MissingClass>org.eclipse.ui.plugin.AbstractUIPlugin</MissingClass>
    <MissingClass>org.eclipse.ui.progress.IProgressService</MissingClass>
    <MissingClass>org.eclipse.ui.progress.IWorkbenchSiteProgressService</MissingClass>
    <MissingClass>org.eclipse.ui.progress.UIJob</MissingClass>
    <MissingClass>org.eclipse.ui.texteditor.IDocumentProvider</MissingClass>
    <MissingClass>org.eclipse.ui.texteditor.ITextEditor</MissingClass>
    <MissingClass>org.eclipse.ui.wizards.newresource.BasicNewResourceWizard</MissingClass>
    <MissingClass>org.osgi.framework.Bundle</MissingClass>
    <MissingClass>org.osgi.framework.BundleActivator</MissingClass>
    <MissingClass>org.osgi.framework.BundleContext</MissingClass>
    <MissingClass>org.osgi.service.packageadmin.PackageAdmin</MissingClass>
  </Errors>
  <FindBugsSummary timestamp="Tue, 27 Nov 2007 15:31:12 +0200" total_classes="237" referenced_classes="339" total_bugs="43" total_size="10161" num_packages="10" vm_version="20.4-b02-402" cpu_seconds="44.51" clock_seconds="35.71" peak_mbytes="102.63" alloc_mbytes="763.88" gc_seconds="1.15" priority_2="33" priority_1="10">
    <PackageStats package="org.eclipse.jdt.internal.junit" total_bugs="0" total_types="1" total_size="8">
      <ClassStats class="org.eclipse.jdt.internal.junit.Messages" sourceFile="Messages.java" interface="false" size="8" bugs="0"/>
    </PackageStats>
    <PackageStats package="org.eclipse.jdt.internal.junit.buildpath" total_bugs="2" total_types="6" total_size="235" priority_2="2">
      <ClassStats class="org.eclipse.jdt.internal.junit.buildpath.BuildPathSupport" sourceFile="BuildPathSupport.java" interface="false" size="52" bugs="0"/>
      <ClassStats class="org.eclipse.jdt.internal.junit.buildpath.JUnitContainerInitializer" sourceFile="JUnitContainerInitializer.java" interface="false" size="44" bugs="0"/>
      <ClassStats class="org.eclipse.jdt.internal.junit.buildpath.JUnitContainerInitializer$JUnitContainer" sourceFile="JUnitContainerInitializer.java" interface="false" size="18" bugs="0"/>
      <ClassStats class="org.eclipse.jdt.internal.junit.buildpath.JUnitContainerWizardPage" sourceFile="JUnitContainerWizardPage.java" interface="false" size="88" bugs="2" priority_2="2"/>
      <ClassStats class="org.eclipse.jdt.internal.junit.buildpath.JUnitContainerWizardPage$1" sourceFile="JUnitContainerWizardPage.java" interface="false" size="8" bugs="0"/>
      <ClassStats class="org.eclipse.jdt.internal.junit.buildpath.JUnitHomeInitializer" sourceFile="JUnitHomeInitializer.java" interface="false" size="25" bugs="0"/>
    </PackageStats>
    <PackageStats package="org.eclipse.jdt.internal.junit.launcher" total_bugs="13" total_types="43" total_size="1574" priority_2="11" priority_1="2">
      <ClassStats class="org.eclipse.jdt.internal.junit.launcher.AssertionVMArg" sourceFile="AssertionVMArg.java" interface="false" size="36" bugs="0"/>
      <ClassStats class="org.eclipse.jdt.internal.junit.launcher.ClasspathLocalizer" sourceFile="JUnitLaunchConfiguration.java" interface="false" size="37" bugs="0"/>
      <ClassStats class="org.eclipse.jdt.internal.junit.launcher.ContainerComparator" sourceFile="ContainerComparator.java" interface="false" size="11" bugs="1" priority_2="1"/>
      <ClassStats class="org.eclipse.jdt.internal.junit.launcher.ContainerTestSearchExtent" sourceFile="ContainerTestSearchExtent.java" interface="false" size="13" bugs="0"/>
      <ClassStats class="org.eclipse.jdt.internal.junit.launcher.ITestFinder" sourceFile="ITestFinder.java" interface="true" size="7" bugs="0"/>
      <ClassStats class="org.eclipse.jdt.internal.junit.launcher.ITestFinder$1" sourceFile="ITestFinder.java" interface="false" size="8" bugs="0"/>
      <ClassStats class="org.eclipse.jdt.internal.junit.launcher.ITestKind" sourceFile="ITestKind.java" interface="true" size="23" bugs="0"/>
      <ClassStats class="org.eclipse.jdt.internal.junit.launcher.ITestKind$NullTestKind" sourceFile="ITestKind.java" interface="false" size="10" bugs="0"/>
      <ClassStats class="org.eclipse.jdt.internal.junit.launcher.ITestSearchExtent" sourceFile="ITestSearchExtent.java" interface="true" size="2" bugs="0"/>
      <ClassStats class="org.eclipse.jdt.internal.junit.launcher.JUnit3TestFinder" sourceFile="JUnit3TestFinder.java" interface="false" size="26" bugs="0"/>
      <ClassStats class="org.eclipse.jdt.internal.junit.launcher.JUnit4TestFinder" sourceFile="JUnit4TestFinder.java" interface="false" size="59" bugs="0"/>
      <ClassStats class="org.eclipse.jdt.internal.junit.launcher.JUnit4TestFinder$Annotation" sourceFile="JUnit4TestFinder.java" interface="false" size="44" bugs="1" priority_2="1"/>
      <ClassStats class="org.eclipse.jdt.internal.junit.launcher.JUnitBaseLaunchConfiguration" sourceFile="JUnitBaseLaunchConfiguration.java" interface="false" size="124" bugs="0"/>
      <ClassStats class="org.eclipse.jdt.internal.junit.launcher.JUnitBaseLaunchConfiguration$1" sourceFile="JUnitBaseLaunchConfiguration.java" interface="false" size="15" bugs="0"/>
      <ClassStats class="org.eclipse.jdt.internal.junit.launcher.JUnitLaunchConfiguration" sourceFile="JUnitLaunchConfiguration.java" interface="false" size="61" bugs="1" priority_1="1"/>
      <ClassStats class="org.eclipse.jdt.internal.junit.launcher.JUnitLaunchConfigurationTab" sourceFile="JUnitLaunchConfigurationTab.java" interface="false" size="41" bugs="0"/>
      <ClassStats class="org.eclipse.jdt.internal.junit.launcher.JUnitLaunchDescription" sourceFile="JUnitLaunchDescription.java" interface="false" size="77" bugs="3" priority_2="2" priority_1="1"/>
      <ClassStats class="org.eclipse.jdt.internal.junit.launcher.JUnitLaunchShortcut" sourceFile="JUnitLaunchShortcut.java" interface="false" size="162" bugs="0"/>
      <ClassStats class="org.eclipse.jdt.internal.junit.launcher.JUnitLaunchShortcut$LaunchCancelledByUserException" sourceFile="JUnitLaunchShortcut.java" interface="false" size="5" bugs="1" priority_2="1"/>
      <ClassStats class="org.eclipse.jdt.internal.junit.launcher.JUnitMainTab" sourceFile="JUnitMainTab.java" interface="false" size="445" bugs="1" priority_2="1"/>
      <ClassStats class="org.eclipse.jdt.internal.junit.launcher.JUnitMainTab$1" sourceFile="JUnitMainTab.java" interface="false" size="7" bugs="0"/>
      <ClassStats class="org.eclipse.jdt.internal.junit.launcher.JUnitMainTab$10" sourceFile="JUnitMainTab.java" interface="false" size="8" bugs="0"/>
      <ClassStats class="org.eclipse.jdt.internal.junit.launcher.JUnitMainTab$11" sourceFile="JUnitMainTab.java" interface="false" size="10" bugs="0"/>
      <ClassStats class="org.eclipse.jdt.internal.junit.launcher.JUnitMainTab$12" sourceFile="JUnitMainTab.java" interface="false" size="7" bugs="0"/>
      <ClassStats class="org.eclipse.jdt.internal.junit.launcher.JUnitMainTab$13" sourceFile="JUnitMainTab.java" interface="false" size="9" bugs="0"/>
      <ClassStats class="org.eclipse.jdt.internal.junit.launcher.JUnitMainTab$2" sourceFile="JUnitMainTab.java" interface="false" size="9" bugs="0"/>
      <ClassStats class="org.eclipse.jdt.internal.junit.launcher.JUnitMainTab$3" sourceFile="JUnitMainTab.java" interface="false" size="9" bugs="0"/>
      <ClassStats class="org.eclipse.jdt.internal.junit.launcher.JUnitMainTab$4" sourceFile="JUnitMainTab.java" interface="false" size="10" bugs="0"/>
      <ClassStats class="org.eclipse.jdt.internal.junit.launcher.JUnitMainTab$5" sourceFile="JUnitMainTab.java" interface="false" size="8" bugs="0"/>
      <ClassStats class="org.eclipse.jdt.internal.junit.launcher.JUnitMainTab$6" sourceFile="JUnitMainTab.java" interface="false" size="9" bugs="0"/>
      <ClassStats class="org.eclipse.jdt.internal.junit.launcher.JUnitMainTab$7" sourceFile="JUnitMainTab.java" interface="false" size="8" bugs="0"/>
      <ClassStats class="org.eclipse.jdt.internal.junit.launcher.JUnitMainTab$8" sourceFile="JUnitMainTab.java" interface="false" size="11" bugs="0"/>
      <ClassStats class="org.eclipse.jdt.internal.junit.launcher.JUnitMainTab$9" sourceFile="JUnitMainTab.java" interface="false" size="8" bugs="0"/>
      <ClassStats class="org.eclipse.jdt.internal.junit.launcher.JUnitRuntimeClasspathEntry" sourceFile="JUnitRuntimeClasspathEntry.java" interface="false" size="25" bugs="1" priority_2="1"/>
      <ClassStats class="org.eclipse.jdt.internal.junit.launcher.JUnitTabGroup" sourceFile="JUnitTabGroup.java" interface="false" size="18" bugs="0"/>
      <ClassStats class="org.eclipse.jdt.internal.junit.launcher.ResourceExtender" sourceFile="ResourceExtender.java" interface="false" size="19" bugs="0"/>
      <ClassStats class="org.eclipse.jdt.internal.junit.launcher.SingleTypeTestSearchExtent" sourceFile="SingleTypeTestSearchExtent.java" interface="false" size="10" bugs="0"/>
      <ClassStats class="org.eclipse.jdt.internal.junit.launcher.TestKind" sourceFile="TestKind.java" interface="false" size="48" bugs="0"/>
      <ClassStats class="org.eclipse.jdt.internal.junit.launcher.TestKindRegistry" sourceFile="TestKindRegistry.java" interface="false" size="87" bugs="1" priority_2="1"/>
      <ClassStats class="org.eclipse.jdt.internal.junit.launcher.TestKindRegistry$1" sourceFile="TestKindRegistry.java" interface="false" size="13" bugs="0"/>
      <ClassStats class="org.eclipse.jdt.internal.junit.launcher.TestSearchResult" sourceFile="TestSearchResult.java" interface="false" size="14" bugs="2" priority_2="2"/>
      <ClassStats class="org.eclipse.jdt.internal.junit.launcher.TestSelectionDialog" sourceFile="TestSelectionDialog.java" interface="false" size="13" bugs="1" priority_2="1"/>
      <ClassStats class="org.eclipse.jdt.internal.junit.launcher.TestSelectionDialog$PackageRenderer" sourceFile="TestSelectionDialog.java" interface="false" size="8" bugs="0"/>
    </PackageStats>
    <PackageStats package="org.eclipse.jdt.internal.junit.model" total_bugs="14" total_types="31" total_size="1213" priority_2="12" priority_1="2">
      <ClassStats class="org.eclipse.jdt.internal.junit.model.ITestRunListener2" sourceFile="ITestRunListener2.java" interface="true" size="4" bugs="0"/>
      <ClassStats class="org.eclipse.jdt.internal.junit.model.ITestRunSessionListener" sourceFile="ITestRunSessionListener.java" interface="true" size="3" bugs="0"/>
      <ClassStats class="org.eclipse.jdt.internal.junit.model.ITestSessionListener" sourceFile="ITestSessionListener.java" interface="true" size="10" bugs="0"/>
      <ClassStats class="org.eclipse.jdt.internal.junit.model.JUnitModel" sourceFile="JUnitModel.java" interface="false" size="49" bugs="0"/>
      <ClassStats class="org.eclipse.jdt.internal.junit.model.JUnitModel$1" sourceFile="JUnitModel.java" interface="false" size="11" bugs="0"/>
      <ClassStats class="org.eclipse.jdt.internal.junit.model.JUnitModel$2" sourceFile="JUnitModel.java" interface="false" size="58" bugs="0"/>
      <ClassStats class="org.eclipse.jdt.internal.junit.model.JUnitModel$JUnitLaunchListener" sourceFile="JUnitModel.java" interface="false" size="72" bugs="0"/>
      <ClassStats class="org.eclipse.jdt.internal.junit.model.JUnitModel$LegacyTestRunSessionListener" sourceFile="JUnitModel.java" interface="false" size="21" bugs="0"/>
      <ClassStats class="org.eclipse.jdt.internal.junit.model.RemoteTestRunnerClient" sourceFile="RemoteTestRunnerClient.java" interface="false" size="248" bugs="1" priority_2="1"/>
      <ClassStats class="org.eclipse.jdt.internal.junit.model.RemoteTestRunnerClient$1" sourceFile="RemoteTestRunnerClient.java" interface="false" size="18" bugs="0"/>
      <ClassStats class="org.eclipse.jdt.internal.junit.model.RemoteTestRunnerClient$2" sourceFile="RemoteTestRunnerClient.java" interface="false" size="10" bugs="0"/>
      <ClassStats class="org.eclipse.jdt.internal.junit.model.RemoteTestRunnerClient$3" sourceFile="RemoteTestRunnerClient.java" interface="false" size="10" bugs="0"/>
      <ClassStats class="org.eclipse.jdt.internal.junit.model.RemoteTestRunnerClient$4" sourceFile="RemoteTestRunnerClient.java" interface="false" size="11" bugs="0"/>
      <ClassStats class="org.eclipse.jdt.internal.junit.model.RemoteTestRunnerClient$5" sourceFile="RemoteTestRunnerClient.java" interface="false" size="11" bugs="0"/>
      <ClassStats class="org.eclipse.jdt.internal.junit.model.RemoteTestRunnerClient$6" sourceFile="RemoteTestRunnerClient.java" interface="false" size="10" bugs="0"/>
      <ClassStats class="org.eclipse.jdt.internal.junit.model.RemoteTestRunnerClient$7" sourceFile="RemoteTestRunnerClient.java" interface="false" size="12" bugs="0"/>
      <ClassStats class="org.eclipse.jdt.internal.junit.model.RemoteTestRunnerClient$8" sourceFile="RemoteTestRunnerClient.java" interface="false" size="9" bugs="0"/>
      <ClassStats class="org.eclipse.jdt.internal.junit.model.RemoteTestRunnerClient$AppendingProcessingState" sourceFile="RemoteTestRunnerClient.java" interface="false" size="18" bugs="0"/>
      <ClassStats class="org.eclipse.jdt.internal.junit.model.RemoteTestRunnerClient$DefaultProcessingState" sourceFile="RemoteTestRunnerClient.java" interface="false" size="59" bugs="0"/>
      <ClassStats class="org.eclipse.jdt.internal.junit.model.RemoteTestRunnerClient$ListenerSafeRunnable" sourceFile="RemoteTestRunnerClient.java" interface="false" size="7" bugs="0"/>
      <ClassStats class="org.eclipse.jdt.internal.junit.model.RemoteTestRunnerClient$ProcessingState" sourceFile="RemoteTestRunnerClient.java" interface="false" size="5" bugs="0"/>
      <ClassStats class="org.eclipse.jdt.internal.junit.model.RemoteTestRunnerClient$ServerConnection" sourceFile="RemoteTestRunnerClient.java" interface="false" size="26" bugs="4" priority_2="2" priority_1="2"/>
      <ClassStats class="org.eclipse.jdt.internal.junit.model.RemoteTestRunnerClient$TraceProcessingState" sourceFile="RemoteTestRunnerClient.java" interface="false" size="19" bugs="0"/>
      <ClassStats class="org.eclipse.jdt.internal.junit.model.TestCaseElement" sourceFile="TestCaseElement.java" interface="false" size="19" bugs="0"/>
      <ClassStats class="org.eclipse.jdt.internal.junit.model.TestElement" sourceFile="TestElement.java" interface="false" size="62" bugs="0"/>
      <ClassStats class="org.eclipse.jdt.internal.junit.model.TestElement$Status" sourceFile="TestElement.java" interface="false" size="78" bugs="0"/>
      <ClassStats class="org.eclipse.jdt.internal.junit.model.TestRoot" sourceFile="TestRoot.java" interface="false" size="6" bugs="0"/>
      <ClassStats class="org.eclipse.jdt.internal.junit.model.TestRunSession" sourceFile="TestRunSession.java" interface="false" size="156" bugs="2" priority_2="2"/>
      <ClassStats class="org.eclipse.jdt.internal.junit.model.TestRunSession$IncompleteTestSuite" sourceFile="TestRunSession.java" interface="false" size="8" bugs="0"/>
      <ClassStats class="org.eclipse.jdt.internal.junit.model.TestRunSession$TestSessionNotifier" sourceFile="TestRunSession.java" interface="false" size="123" bugs="7" priority_2="7"/>
      <ClassStats class="org.eclipse.jdt.internal.junit.model.TestSuiteElement" sourceFile="TestSuiteElement.java" interface="false" size="60" bugs="0"/>
    </PackageStats>
    <PackageStats package="org.eclipse.jdt.internal.junit.refactoring" total_bugs="0" total_types="9" total_size="219">
      <ClassStats class="org.eclipse.jdt.internal.junit.refactoring.IChangeAdder" sourceFile="IChangeAdder.java" interface="true" size="2" bugs="0"/>
      <ClassStats class="org.eclipse.jdt.internal.junit.refactoring.JUnitRenameParticipant" sourceFile="JUnitRenameParticipant.java" interface="false" size="32" bugs="0"/>
      <ClassStats class="org.eclipse.jdt.internal.junit.refactoring.JUnitRenameParticipant$ChangeList" sourceFile="JUnitRenameParticipant.java" interface="false" size="37" bugs="0"/>
      <ClassStats class="org.eclipse.jdt.internal.junit.refactoring.LaunchConfigChange" sourceFile="LaunchConfigChange.java" interface="false" size="33" bugs="0"/>
      <ClassStats class="org.eclipse.jdt.internal.junit.refactoring.LaunchConfigRenameChange" sourceFile="LaunchConfigRenameChange.java" interface="false" size="20" bugs="0"/>
      <ClassStats class="org.eclipse.jdt.internal.junit.refactoring.LaunchConfigSetAttributeChange" sourceFile="LaunchConfigSetAttributeChange.java" interface="false" size="19" bugs="0"/>
      <ClassStats class="org.eclipse.jdt.internal.junit.refactoring.LaunchConfigurationContainer" sourceFile="LaunchConfigurationContainer.java" interface="false" size="15" bugs="0"/>
      <ClassStats class="org.eclipse.jdt.internal.junit.refactoring.ProjectRenameParticipant" sourceFile="ProjectRenameParticipant.java" interface="false" size="38" bugs="0"/>
      <ClassStats class="org.eclipse.jdt.internal.junit.refactoring.TypeRenameParticipant" sourceFile="TypeRenameParticipant.java" interface="false" size="23" bugs="0"/>
    </PackageStats>
    <PackageStats package="org.eclipse.jdt.internal.junit.ui" total_bugs="11" total_types="96" total_size="4118" priority_2="5" priority_1="6">
      <ClassStats class="org.eclipse.jdt.internal.junit.ui.CompareResultDialog" sourceFile="CompareResultDialog.java" interface="false" size="80" bugs="1" priority_1="1"/>
      <ClassStats class="org.eclipse.jdt.internal.junit.ui.CompareResultDialog$1" sourceFile="CompareResultDialog.java" interface="false" size="10" bugs="0"/>
      <ClassStats class="org.eclipse.jdt.internal.junit.ui.CompareResultDialog$CompareElement" sourceFile="CompareResultDialog.java" interface="false" size="18" bugs="1" priority_1="1"/>
      <ClassStats class="org.eclipse.jdt.internal.junit.ui.CompareResultDialog$CompareResultMergeViewer" sourceFile="CompareResultDialog.java" interface="false" size="14" bugs="0"/>
      <ClassStats class="org.eclipse.jdt.internal.junit.ui.CompareResultDialog$CompareResultViewerConfiguration" sourceFile="CompareResultDialog.java" interface="false" size="9" bugs="0"/>
      <ClassStats class="org.eclipse.jdt.internal.junit.ui.CompareResultDialog$CompareResultViewerConfiguration$SimpleDamagerRepairer" sourceFile="CompareResultDialog.java" interface="false" size="15" bugs="0"/>
      <ClassStats class="org.eclipse.jdt.internal.junit.ui.CompareResultsAction" sourceFile="CompareResultsAction.java" interface="false" size="16" bugs="0"/>
      <ClassStats class="org.eclipse.jdt.internal.junit.ui.CopyFailureListAction" sourceFile="CopyFailureListAction.java" interface="false" size="38" bugs="0"/>
      <ClassStats class="org.eclipse.jdt.internal.junit.ui.CounterPanel" sourceFile="CounterPanel.java" interface="false" size="72" bugs="0"/>
      <ClassStats class="org.eclipse.jdt.internal.junit.ui.CounterPanel$1" sourceFile="CounterPanel.java" interface="false" size="8" bugs="0"/>
      <ClassStats class="org.eclipse.jdt.internal.junit.ui.EnableStackFilterAction" sourceFile="EnableStackFilterAction.java" interface="false" size="17" bugs="0"/>
      <ClassStats class="org.eclipse.jdt.internal.junit.ui.FailureTableDisplay" sourceFile="FailureTableDisplay.java" interface="false" size="38" bugs="0"/>
      <ClassStats class="org.eclipse.jdt.internal.junit.ui.FailureTableDisplay$1" sourceFile="FailureTableDisplay.java" interface="false" size="8" bugs="0"/>
      <ClassStats class="org.eclipse.jdt.internal.junit.ui.FailureTrace" sourceFile="FailureTrace.java" interface="false" size="120" bugs="1" priority_2="1"/>
      <ClassStats class="org.eclipse.jdt.internal.junit.ui.FailureTrace$1" sourceFile="FailureTrace.java" interface="false" size="13" bugs="0"/>
      <ClassStats class="org.eclipse.jdt.internal.junit.ui.GotoReferencedTestAction" sourceFile="GotoReferencedTestAction.java" interface="false" size="89" bugs="0"/>
      <ClassStats class="org.eclipse.jdt.internal.junit.ui.IJUnitHelpContextIds" sourceFile="IJUnitHelpContextIds.java" interface="true" size="18" bugs="0"/>
      <ClassStats class="org.eclipse.jdt.internal.junit.ui.ITraceDisplay" sourceFile="ITraceDisplay.java" interface="true" size="2" bugs="0"/>
      <ClassStats class="org.eclipse.jdt.internal.junit.ui.JUnitAddLibraryProposal" sourceFile="JUnitAddLibraryProposal.java" interface="false" size="61" bugs="0"/>
      <ClassStats class="org.eclipse.jdt.internal.junit.ui.JUnitAddLibraryProposal$1" sourceFile="JUnitAddLibraryProposal.java" interface="false" size="11" bugs="0"/>
      <ClassStats class="org.eclipse.jdt.internal.junit.ui.JUnitCopyAction" sourceFile="JUnitCopyAction.java" interface="false" size="43" bugs="0"/>
      <ClassStats class="org.eclipse.jdt.internal.junit.ui.JUnitMessages" sourceFile="JUnitMessages.java" interface="false" size="196" bugs="0"/>
      <ClassStats class="org.eclipse.jdt.internal.junit.ui.JUnitPlugin" sourceFile="JUnitPlugin.java" interface="false" size="159" bugs="2" priority_1="2"/>
      <ClassStats class="org.eclipse.jdt.internal.junit.ui.JUnitPreferencePage" sourceFile="JUnitPreferencePage.java" interface="false" size="344" bugs="0"/>
      <ClassStats class="org.eclipse.jdt.internal.junit.ui.JUnitPreferencePage$1" sourceFile="JUnitPreferencePage.java" interface="false" size="9" bugs="0"/>
      <ClassStats class="org.eclipse.jdt.internal.junit.ui.JUnitPreferencePage$10" sourceFile="JUnitPreferencePage.java" interface="false" size="11" bugs="0"/>
      <ClassStats class="org.eclipse.jdt.internal.junit.ui.JUnitPreferencePage$11" sourceFile="JUnitPreferencePage.java" interface="false" size="8" bugs="0"/>
      <ClassStats class="org.eclipse.jdt.internal.junit.ui.JUnitPreferencePage$2" sourceFile="JUnitPreferencePage.java" interface="false" size="9" bugs="0"/>
      <ClassStats class="org.eclipse.jdt.internal.junit.ui.JUnitPreferencePage$3" sourceFile="JUnitPreferencePage.java" interface="false" size="8" bugs="0"/>
      <ClassStats class="org.eclipse.jdt.internal.junit.ui.JUnitPreferencePage$4" sourceFile="JUnitPreferencePage.java" interface="false" size="8" bugs="0"/>
      <ClassStats class="org.eclipse.jdt.internal.junit.ui.JUnitPreferencePage$5" sourceFile="JUnitPreferencePage.java" interface="false" size="8" bugs="0"/>
      <ClassStats class="org.eclipse.jdt.internal.junit.ui.JUnitPreferencePage$6" sourceFile="JUnitPreferencePage.java" interface="false" size="8" bugs="0"/>
      <ClassStats class="org.eclipse.jdt.internal.junit.ui.JUnitPreferencePage$7" sourceFile="JUnitPreferencePage.java" interface="false" size="8" bugs="0"/>
      <ClassStats class="org.eclipse.jdt.internal.junit.ui.JUnitPreferencePage$8" sourceFile="JUnitPreferencePage.java" interface="false" size="8" bugs="0"/>
      <ClassStats class="org.eclipse.jdt.internal.junit.ui.JUnitPreferencePage$9" sourceFile="JUnitPreferencePage.java" interface="false" size="15" bugs="0"/>
      <ClassStats class="org.eclipse.jdt.internal.junit.ui.JUnitPreferencePage$Filter" sourceFile="JUnitPreferencePage.java" interface="false" size="25" bugs="0"/>
      <ClassStats class="org.eclipse.jdt.internal.junit.ui.JUnitPreferencePage$FilterLabelProvider" sourceFile="JUnitPreferencePage.java" interface="false" size="20" bugs="0"/>
      <ClassStats class="org.eclipse.jdt.internal.junit.ui.JUnitPreferencePage$FilterViewerSorter" sourceFile="JUnitPreferencePage.java" interface="false" size="20" bugs="0"/>
      <ClassStats class="org.eclipse.jdt.internal.junit.ui.JUnitPreferencePage$StackFilterContentProvider" sourceFile="JUnitPreferencePage.java" interface="false" size="68" bugs="0"/>
      <ClassStats class="org.eclipse.jdt.internal.junit.ui.JUnitPreferencesConstants" sourceFile="JUnitPreferencesConstants.java" interface="false" size="37" bugs="1" priority_1="1"/>
      <ClassStats class="org.eclipse.jdt.internal.junit.ui.JUnitProgressBar" sourceFile="JUnitProgressBar.java" interface="false" size="124" bugs="0"/>
      <ClassStats class="org.eclipse.jdt.internal.junit.ui.JUnitProgressBar$1" sourceFile="JUnitProgressBar.java" interface="false" size="9" bugs="0"/>
      <ClassStats class="org.eclipse.jdt.internal.junit.ui.JUnitProgressBar$2" sourceFile="JUnitProgressBar.java" interface="false" size="8" bugs="0"/>
      <ClassStats class="org.eclipse.jdt.internal.junit.ui.JUnitProgressBar$3" sourceFile="JUnitProgressBar.java" interface="false" size="10" bugs="0"/>
      <ClassStats class="org.eclipse.jdt.internal.junit.ui.JUnitQuickFixProcessor" sourceFile="JUnitQuickFixProcessor.java" interface="false" size="84" bugs="0"/>
      <ClassStats class="org.eclipse.jdt.internal.junit.ui.JUnitQuickFixProcessor$AddAssertProposal" sourceFile="JUnitQuickFixProcessor.java" interface="false" size="31" bugs="0"/>
      <ClassStats class="org.eclipse.jdt.internal.junit.ui.JavaTypeExtender" sourceFile="JavaTypeExtender.java" interface="false" size="31" bugs="0"/>
      <ClassStats class="org.eclipse.jdt.internal.junit.ui.JunitPreferenceInitializer" sourceFile="JunitPreferenceInitializer.java" interface="false" size="15" bugs="0"/>
      <ClassStats class="org.eclipse.jdt.internal.junit.ui.OpenEditorAction" sourceFile="OpenEditorAction.java" interface="false" size="55" bugs="0"/>
      <ClassStats class="org.eclipse.jdt.internal.junit.ui.OpenEditorAtLineAction" sourceFile="OpenEditorAtLineAction.java" interface="false" size="19" bugs="0"/>
      <ClassStats class="org.eclipse.jdt.internal.junit.ui.OpenTestAction" sourceFile="OpenTestAction.java" interface="false" size="51" bugs="0"/>
      <ClassStats class="org.eclipse.jdt.internal.junit.ui.ProgressImages" sourceFile="ProgressImages.java" interface="false" size="43" bugs="0"/>
      <ClassStats class="org.eclipse.jdt.internal.junit.ui.RerunAction" sourceFile="RerunAction.java" interface="false" size="22" bugs="0"/>
      <ClassStats class="org.eclipse.jdt.internal.junit.ui.ScrollLockAction" sourceFile="ScrollLockAction.java" interface="false" size="17" bugs="0"/>
      <ClassStats class="org.eclipse.jdt.internal.junit.ui.ShowNextFailureAction" sourceFile="ShowNextFailureAction.java" interface="false" size="13" bugs="0"/>
      <ClassStats class="org.eclipse.jdt.internal.junit.ui.ShowPreviousFailureAction" sourceFile="ShowPreviousFailureAction.java" interface="false" size="13" bugs="0"/>
      <ClassStats class="org.eclipse.jdt.internal.junit.ui.TestMethodSelectionDialog" sourceFile="TestMethodSelectionDialog.java" interface="false" size="78" bugs="0"/>
      <ClassStats class="org.eclipse.jdt.internal.junit.ui.TestMethodSelectionDialog$1" sourceFile="TestMethodSelectionDialog.java" interface="false" size="13" bugs="0"/>
      <ClassStats class="org.eclipse.jdt.internal.junit.ui.TestMethodSelectionDialog$TestReferenceCollector" sourceFile="TestMethodSelectionDialog.java" interface="false" size="12" bugs="0"/>
      <ClassStats class="org.eclipse.jdt.internal.junit.ui.TestRunnerViewPart" sourceFile="TestRunnerViewPart.java" interface="false" size="749" bugs="2" priority_2="1" priority_1="1"/>
      <ClassStats class="org.eclipse.jdt.internal.junit.ui.TestRunnerViewPart$1" sourceFile="TestRunnerViewPart.java" interface="false" size="25" bugs="0"/>
      <ClassStats class="org.eclipse.jdt.internal.junit.ui.TestRunnerViewPart$10" sourceFile="TestRunnerViewPart.java" interface="false" size="8" bugs="0"/>
      <ClassStats class="org.eclipse.jdt.internal.junit.ui.TestRunnerViewPart$2" sourceFile="TestRunnerViewPart.java" interface="false" size="18" bugs="0"/>
      <ClassStats class="org.eclipse.jdt.internal.junit.ui.TestRunnerViewPart$3" sourceFile="TestRunnerViewPart.java" interface="false" size="12" bugs="0"/>
      <ClassStats class="org.eclipse.jdt.internal.junit.ui.TestRunnerViewPart$4" sourceFile="TestRunnerViewPart.java" interface="false" size="10" bugs="0"/>
      <ClassStats class="org.eclipse.jdt.internal.junit.ui.TestRunnerViewPart$5" sourceFile="TestRunnerViewPart.java" interface="false" size="9" bugs="0"/>
      <ClassStats class="org.eclipse.jdt.internal.junit.ui.TestRunnerViewPart$6" sourceFile="TestRunnerViewPart.java" interface="false" size="10" bugs="0"/>
      <ClassStats class="org.eclipse.jdt.internal.junit.ui.TestRunnerViewPart$7" sourceFile="TestRunnerViewPart.java" interface="false" size="8" bugs="0"/>
      <ClassStats class="org.eclipse.jdt.internal.junit.ui.TestRunnerViewPart$8" sourceFile="TestRunnerViewPart.java" interface="false" size="10" bugs="0"/>
      <ClassStats class="org.eclipse.jdt.internal.junit.ui.TestRunnerViewPart$9" sourceFile="TestRunnerViewPart.java" interface="false" size="10" bugs="0"/>
      <ClassStats class="org.eclipse.jdt.internal.junit.ui.TestRunnerViewPart$ActivateOnErrorAction" sourceFile="TestRunnerViewPart.java" interface="false" size="15" bugs="0"/>
      <ClassStats class="org.eclipse.jdt.internal.junit.ui.TestRunnerViewPart$ClearAction" sourceFile="TestRunnerViewPart.java" interface="false" size="26" bugs="0"/>
      <ClassStats class="org.eclipse.jdt.internal.junit.ui.TestRunnerViewPart$DirtyListener" sourceFile="TestRunnerViewPart.java" interface="false" size="31" bugs="0"/>
      <ClassStats class="org.eclipse.jdt.internal.junit.ui.TestRunnerViewPart$FailuresOnlyFilterAction" sourceFile="TestRunnerViewPart.java" interface="false" size="10" bugs="0"/>
      <ClassStats class="org.eclipse.jdt.internal.junit.ui.TestRunnerViewPart$JUnitIsRunningJob" sourceFile="TestRunnerViewPart.java" interface="false" size="11" bugs="0"/>
      <ClassStats class="org.eclipse.jdt.internal.junit.ui.TestRunnerViewPart$RerunLastAction" sourceFile="TestRunnerViewPart.java" interface="false" size="12" bugs="0"/>
      <ClassStats class="org.eclipse.jdt.internal.junit.ui.TestRunnerViewPart$RerunLastFailedFirstAction" sourceFile="TestRunnerViewPart.java" interface="false" size="12" bugs="0"/>
      <ClassStats class="org.eclipse.jdt.internal.junit.ui.TestRunnerViewPart$RunnerViewHistory" sourceFile="TestRunnerViewPart.java" interface="false" size="65" bugs="0"/>
      <ClassStats class="org.eclipse.jdt.internal.junit.ui.TestRunnerViewPart$ShowTestHierarchyAction" sourceFile="TestRunnerViewPart.java" interface="false" size="10" bugs="0"/>
      <ClassStats class="org.eclipse.jdt.internal.junit.ui.TestRunnerViewPart$StopAction" sourceFile="TestRunnerViewPart.java" interface="false" size="12" bugs="0"/>
      <ClassStats class="org.eclipse.jdt.internal.junit.ui.TestRunnerViewPart$TestRunSessionListener" sourceFile="TestRunnerViewPart.java" interface="false" size="17" bugs="0"/>
      <ClassStats class="org.eclipse.jdt.internal.junit.ui.TestRunnerViewPart$TestSessionListener" sourceFile="TestRunnerViewPart.java" interface="false" size="61" bugs="1" priority_2="1"/>
      <ClassStats class="org.eclipse.jdt.internal.junit.ui.TestRunnerViewPart$ToggleOrientationAction" sourceFile="TestRunnerViewPart.java" interface="false" size="24" bugs="0"/>
      <ClassStats class="org.eclipse.jdt.internal.junit.ui.TestRunnerViewPart$UpdateUIJob" sourceFile="TestRunnerViewPart.java" interface="false" size="18" bugs="0"/>
      <ClassStats class="org.eclipse.jdt.internal.junit.ui.TestSessionLabelProvider" sourceFile="TestSessionLabelProvider.java" interface="false" size="59" bugs="0"/>
      <ClassStats class="org.eclipse.jdt.internal.junit.ui.TestSessionTableContentProvider" sourceFile="TestSessionTableContentProvider.java" interface="false" size="22" bugs="0"/>
      <ClassStats class="org.eclipse.jdt.internal.junit.ui.TestSessionTreeContentProvider" sourceFile="TestSessionTreeContentProvider.java" interface="false" size="21" bugs="0"/>
      <ClassStats class="org.eclipse.jdt.internal.junit.ui.TestViewer" sourceFile="TestViewer.java" interface="false" size="371" bugs="2" priority_2="2"/>
      <ClassStats class="org.eclipse.jdt.internal.junit.ui.TestViewer$1" sourceFile="TestViewer.java" interface="false" size="8" bugs="0"/>
      <ClassStats class="org.eclipse.jdt.internal.junit.ui.TestViewer$2" sourceFile="TestViewer.java" interface="false" size="8" bugs="0"/>
      <ClassStats class="org.eclipse.jdt.internal.junit.ui.TestViewer$ExpandAllAction" sourceFile="TestViewer.java" interface="false" size="10" bugs="0"/>
      <ClassStats class="org.eclipse.jdt.internal.junit.ui.TestViewer$FailuresOnlyFilter" sourceFile="TestViewer.java" interface="false" size="12" bugs="0"/>
      <ClassStats class="org.eclipse.jdt.internal.junit.ui.TestViewer$ReverseList" sourceFile="TestViewer.java" interface="false" size="10" bugs="0"/>
      <ClassStats class="org.eclipse.jdt.internal.junit.ui.TestViewer$TestOpenListener" sourceFile="TestViewer.java" interface="false" size="8" bugs="0"/>
      <ClassStats class="org.eclipse.jdt.internal.junit.ui.TestViewer$TestSelectionListener" sourceFile="TestViewer.java" interface="false" size="8" bugs="0"/>
      <ClassStats class="org.eclipse.jdt.internal.junit.ui.TextualTrace" sourceFile="TextualTrace.java" interface="false" size="71" bugs="0"/>
    </PackageStats>
    <PackageStats package="org.eclipse.jdt.internal.junit.util" total_bugs="2" total_types="17" total_size="805" priority_2="2">
      <ClassStats class="org.eclipse.jdt.internal.junit.util.CheckedTableSelectionDialog" sourceFile="CheckedTableSelectionDialog.java" interface="false" size="137" bugs="0"/>
      <ClassStats class="org.eclipse.jdt.internal.junit.util.CheckedTableSelectionDialog$1" sourceFile="CheckedTableSelectionDialog.java" interface="false" size="8" bugs="0"/>
      <ClassStats class="org.eclipse.jdt.internal.junit.util.CheckedTableSelectionDialog$2" sourceFile="CheckedTableSelectionDialog.java" interface="false" size="8" bugs="0"/>
      <ClassStats class="org.eclipse.jdt.internal.junit.util.CheckedTableSelectionDialog$3" sourceFile="CheckedTableSelectionDialog.java" interface="false" size="9" bugs="0"/>
      <ClassStats class="org.eclipse.jdt.internal.junit.util.CheckedTableSelectionDialog$4" sourceFile="CheckedTableSelectionDialog.java" interface="false" size="9" bugs="0"/>
      <ClassStats class="org.eclipse.jdt.internal.junit.util.ExceptionHandler" sourceFile="ExceptionHandler.java" interface="false" size="38" bugs="0"/>
      <ClassStats class="org.eclipse.jdt.internal.junit.util.IJUnitStatusConstants" sourceFile="IJUnitStatusConstants.java" interface="true" size="4" bugs="0"/>
      <ClassStats class="org.eclipse.jdt.internal.junit.util.JUnitStatus" sourceFile="JUnitStatus.java" interface="false" size="60" bugs="0"/>
      <ClassStats class="org.eclipse.jdt.internal.junit.util.JUnitStubUtility" sourceFile="JUnitStubUtility.java" interface="false" size="164" bugs="0"/>
      <ClassStats class="org.eclipse.jdt.internal.junit.util.JUnitStubUtility$GenStubSettings" sourceFile="JUnitStubUtility.java" interface="false" size="13" bugs="1" priority_2="1"/>
      <ClassStats class="org.eclipse.jdt.internal.junit.util.LayoutUtil" sourceFile="LayoutUtil.java" interface="false" size="76" bugs="0"/>
      <ClassStats class="org.eclipse.jdt.internal.junit.util.PixelConverter" sourceFile="PixelConverter.java" interface="false" size="17" bugs="0"/>
      <ClassStats class="org.eclipse.jdt.internal.junit.util.Resources" sourceFile="Resources.java" interface="false" size="77" bugs="1" priority_2="1"/>
      <ClassStats class="org.eclipse.jdt.internal.junit.util.TestSearchEngine" sourceFile="TestSearchEngine.java" interface="false" size="133" bugs="0"/>
      <ClassStats class="org.eclipse.jdt.internal.junit.util.TestSearchEngine$1" sourceFile="TestSearchEngine.java" interface="false" size="10" bugs="0"/>
      <ClassStats class="org.eclipse.jdt.internal.junit.util.TestSearchEngine$2" sourceFile="TestSearchEngine.java" interface="false" size="17" bugs="0"/>
      <ClassStats class="org.eclipse.jdt.internal.junit.util.TestSearchEngine$JUnitSearchResultCollector" sourceFile="TestSearchEngine.java" interface="false" size="25" bugs="0"/>
    </PackageStats>
    <PackageStats package="org.eclipse.jdt.internal.junit.wizards" total_bugs="1" total_types="16" total_size="685" priority_2="1">
      <ClassStats class="org.eclipse.jdt.internal.junit.wizards.JUnitWizard" sourceFile="JUnitWizard.java" interface="false" size="48" bugs="0"/>
      <ClassStats class="org.eclipse.jdt.internal.junit.wizards.JUnitWizard$1" sourceFile="JUnitWizard.java" interface="false" size="12" bugs="0"/>
      <ClassStats class="org.eclipse.jdt.internal.junit.wizards.MethodStubsSelectionButtonGroup" sourceFile="MethodStubsSelectionButtonGroup.java" interface="false" size="189" bugs="1" priority_2="1"/>
      <ClassStats class="org.eclipse.jdt.internal.junit.wizards.MethodStubsSelectionButtonGroup$1" sourceFile="MethodStubsSelectionButtonGroup.java" interface="false" size="11" bugs="0"/>
      <ClassStats class="org.eclipse.jdt.internal.junit.wizards.MethodStubsSelectionButtonGroup$2" sourceFile="MethodStubsSelectionButtonGroup.java" interface="false" size="8" bugs="0"/>
      <ClassStats class="org.eclipse.jdt.internal.junit.wizards.MethodStubsSelectionButtonGroup$3" sourceFile="MethodStubsSelectionButtonGroup.java" interface="false" size="8" bugs="0"/>
      <ClassStats class="org.eclipse.jdt.internal.junit.wizards.MethodStubsSelectionButtonGroup$SelectionButtonGroupListener" sourceFile="MethodStubsSelectionButtonGroup.java" interface="true" size="2" bugs="0"/>
      <ClassStats class="org.eclipse.jdt.internal.junit.wizards.NewTestCaseCreationWizard" sourceFile="NewTestCaseCreationWizard.java" interface="false" size="28" bugs="0"/>
      <ClassStats class="org.eclipse.jdt.internal.junit.wizards.NewTestSuiteCreationWizard" sourceFile="NewTestSuiteCreationWizard.java" interface="false" size="67" bugs="0"/>
      <ClassStats class="org.eclipse.jdt.internal.junit.wizards.NewTestSuiteCreationWizard$1" sourceFile="NewTestSuiteCreationWizard.java" interface="false" size="11" bugs="0"/>
      <ClassStats class="org.eclipse.jdt.internal.junit.wizards.SuiteClassesContentProvider" sourceFile="SuiteClassesContentProvider.java" interface="false" size="26" bugs="0"/>
      <ClassStats class="org.eclipse.jdt.internal.junit.wizards.TestSuiteClassListRange" sourceFile="TestSuiteClassListRange.java" interface="false" size="12" bugs="0"/>
      <ClassStats class="org.eclipse.jdt.internal.junit.wizards.UpdateTestSuite" sourceFile="UpdateTestSuite.java" interface="false" size="136" bugs="0"/>
      <ClassStats class="org.eclipse.jdt.internal.junit.wizards.UpdateTestSuite$1" sourceFile="UpdateTestSuite.java" interface="false" size="10" bugs="0"/>
      <ClassStats class="org.eclipse.jdt.internal.junit.wizards.UpdateTestSuite$UpdateAllTestsValidator" sourceFile="UpdateTestSuite.java" interface="false" size="26" bugs="0"/>
      <ClassStats class="org.eclipse.jdt.internal.junit.wizards.WizardMessages" sourceFile="WizardMessages.java" interface="false" size="91" bugs="0"/>
    </PackageStats>
    <PackageStats package="org.eclipse.jdt.junit" total_bugs="0" total_types="2" total_size="21">
      <ClassStats class="org.eclipse.jdt.junit.ITestRunListener" sourceFile="ITestRunListener.java" interface="true" size="12" bugs="0"/>
      <ClassStats class="org.eclipse.jdt.junit.JUnitCore" sourceFile="JUnitCore.java" interface="false" size="9" bugs="0"/>
    </PackageStats>
    <PackageStats package="org.eclipse.jdt.junit.wizards" total_bugs="0" total_types="16" total_size="1283">
      <ClassStats class="org.eclipse.jdt.junit.wizards.NewTestCaseWizardPageOne" sourceFile="NewTestCaseWizardPageOne.java" interface="false" size="665" bugs="0"/>
      <ClassStats class="org.eclipse.jdt.junit.wizards.NewTestCaseWizardPageOne$1" sourceFile="NewTestCaseWizardPageOne.java" interface="false" size="8" bugs="0"/>
      <ClassStats class="org.eclipse.jdt.junit.wizards.NewTestCaseWizardPageOne$2" sourceFile="NewTestCaseWizardPageOne.java" interface="false" size="11" bugs="0"/>
      <ClassStats class="org.eclipse.jdt.junit.wizards.NewTestCaseWizardPageOne$3" sourceFile="NewTestCaseWizardPageOne.java" interface="false" size="9" bugs="0"/>
      <ClassStats class="org.eclipse.jdt.junit.wizards.NewTestCaseWizardPageOne$4" sourceFile="NewTestCaseWizardPageOne.java" interface="false" size="8" bugs="0"/>
      <ClassStats class="org.eclipse.jdt.junit.wizards.NewTestCaseWizardPageTwo" sourceFile="NewTestCaseWizardPageTwo.java" interface="false" size="196" bugs="0"/>
      <ClassStats class="org.eclipse.jdt.junit.wizards.NewTestCaseWizardPageTwo$1" sourceFile="NewTestCaseWizardPageTwo.java" interface="false" size="8" bugs="0"/>
      <ClassStats class="org.eclipse.jdt.junit.wizards.NewTestCaseWizardPageTwo$2" sourceFile="NewTestCaseWizardPageTwo.java" interface="false" size="8" bugs="0"/>
      <ClassStats class="org.eclipse.jdt.junit.wizards.NewTestCaseWizardPageTwo$3" sourceFile="NewTestCaseWizardPageTwo.java" interface="false" size="10" bugs="0"/>
      <ClassStats class="org.eclipse.jdt.junit.wizards.NewTestCaseWizardPageTwo$4" sourceFile="NewTestCaseWizardPageTwo.java" interface="false" size="9" bugs="0"/>
      <ClassStats class="org.eclipse.jdt.junit.wizards.NewTestCaseWizardPageTwo$5" sourceFile="NewTestCaseWizardPageTwo.java" interface="false" size="9" bugs="0"/>
      <ClassStats class="org.eclipse.jdt.junit.wizards.NewTestCaseWizardPageTwo$MethodsTreeContentProvider" sourceFile="NewTestCaseWizardPageTwo.java" interface="false" size="53" bugs="0"/>
      <ClassStats class="org.eclipse.jdt.junit.wizards.NewTestSuiteWizardPage" sourceFile="NewTestSuiteWizardPage.java" interface="false" size="263" bugs="0"/>
      <ClassStats class="org.eclipse.jdt.junit.wizards.NewTestSuiteWizardPage$1" sourceFile="NewTestSuiteWizardPage.java" interface="false" size="8" bugs="0"/>
      <ClassStats class="org.eclipse.jdt.junit.wizards.NewTestSuiteWizardPage$2" sourceFile="NewTestSuiteWizardPage.java" interface="false" size="9" bugs="0"/>
      <ClassStats class="org.eclipse.jdt.junit.wizards.NewTestSuiteWizardPage$3" sourceFile="NewTestSuiteWizardPage.java" interface="false" size="9" bugs="0"/>
    </PackageStats>
    <FindBugsProfile>
      <ClassProfile name="edu.umd.cs.findbugs.classfile.engine.bcel.IsNullValueDataflowFactory" totalMilliseconds="2098" invocations="1482" avgMicrosecondsPerInvocation="1416" maxMicrosecondsPerInvocation="59256" standardDeviationMircosecondsPerInvocation="4985"/>
      <ClassProfile name="edu.umd.cs.findbugs.ba.npe.NullDerefAndRedundantComparisonFinder" totalMilliseconds="2042" invocations="1482" avgMicrosecondsPerInvocation="1378" maxMicrosecondsPerInvocation="76723" standardDeviationMircosecondsPerInvocation="5331"/>
      <ClassProfile name="edu.umd.cs.findbugs.classfile.engine.ClassInfoAnalysisEngine" totalMilliseconds="1790" invocations="1163" avgMicrosecondsPerInvocation="1539" maxMicrosecondsPerInvocation="124397" standardDeviationMircosecondsPerInvocation="7088"/>
      <ClassProfile name="edu.umd.cs.findbugs.classfile.engine.bcel.ValueNumberDataflowFactory" totalMilliseconds="1760" invocations="1520" avgMicrosecondsPerInvocation="1158" maxMicrosecondsPerInvocation="148000" standardDeviationMircosecondsPerInvocation="6419"/>
      <ClassProfile name="edu.umd.cs.findbugs.classfile.engine.bcel.TypeDataflowFactory" totalMilliseconds="1504" invocations="1498" avgMicrosecondsPerInvocation="1004" maxMicrosecondsPerInvocation="63499" standardDeviationMircosecondsPerInvocation="3871"/>
      <ClassProfile name="edu.umd.cs.findbugs.detect.FieldItemSummary" totalMilliseconds="1415" invocations="339" avgMicrosecondsPerInvocation="4176" maxMicrosecondsPerInvocation="92648" standardDeviationMircosecondsPerInvocation="11430"/>
      <ClassProfile name="edu.umd.cs.findbugs.classfile.engine.bcel.UnconditionalValueDerefDataflowFactory" totalMilliseconds="1400" invocations="1482" avgMicrosecondsPerInvocation="945" maxMicrosecondsPerInvocation="66084" standardDeviationMircosecondsPerInvocation="3855"/>
      <ClassProfile name="edu.umd.cs.findbugs.detect.ExplicitSerialization" totalMilliseconds="1374" invocations="339" avgMicrosecondsPerInvocation="4053" maxMicrosecondsPerInvocation="138777" standardDeviationMircosecondsPerInvocation="11900"/>
      <ClassProfile name="edu.umd.cs.findbugs.detect.FindRefComparison$SpecialTypeAnalysis" totalMilliseconds="1142" invocations="1228" avgMicrosecondsPerInvocation="930" maxMicrosecondsPerInvocation="111750" standardDeviationMircosecondsPerInvocation="4625"/>
      <ClassProfile name="edu.umd.cs.findbugs.classfile.engine.bcel.CFGFactory" totalMilliseconds="1135" invocations="1482" avgMicrosecondsPerInvocation="766" maxMicrosecondsPerInvocation="52355" standardDeviationMircosecondsPerInvocation="2975"/>
      <ClassProfile name="edu.umd.cs.findbugs.OpcodeStack$JumpInfoFactory" totalMilliseconds="655" invocations="1916" avgMicrosecondsPerInvocation="341" maxMicrosecondsPerInvocation="46073" standardDeviationMircosecondsPerInvocation="1732"/>
      <ClassProfile name="edu.umd.cs.findbugs.classfile.engine.bcel.MethodGenFactory" totalMilliseconds="612" invocations="1524" avgMicrosecondsPerInvocation="402" maxMicrosecondsPerInvocation="158921" standardDeviationMircosecondsPerInvocation="4555"/>
      <ClassProfile name="edu.umd.cs.findbugs.classfile.engine.bcel.ConstantDataflowFactory" totalMilliseconds="455" invocations="1482" avgMicrosecondsPerInvocation="307" maxMicrosecondsPerInvocation="40585" standardDeviationMircosecondsPerInvocation="2042"/>
      <ClassProfile name="edu.umd.cs.findbugs.util.TopologicalSort" totalMilliseconds="427" invocations="771" avgMicrosecondsPerInvocation="554" maxMicrosecondsPerInvocation="94329" standardDeviationMircosecondsPerInvocation="4434"/>
      <ClassProfile name="edu.umd.cs.findbugs.detect.NoteDirectlyRelevantTypeQualifiers" totalMilliseconds="418" invocations="339" avgMicrosecondsPerInvocation="1233" maxMicrosecondsPerInvocation="32566" standardDeviationMircosecondsPerInvocation="4693"/>
      <ClassProfile name="edu.umd.cs.findbugs.detect.DefaultEncodingDetector" totalMilliseconds="405" invocations="237" avgMicrosecondsPerInvocation="1711" maxMicrosecondsPerInvocation="58415" standardDeviationMircosecondsPerInvocation="6259"/>
      <ClassProfile name="edu.umd.cs.findbugs.detect.LostLoggerDueToWeakReference" totalMilliseconds="399" invocations="237" avgMicrosecondsPerInvocation="1685" maxMicrosecondsPerInvocation="124525" standardDeviationMircosecondsPerInvocation="10576"/>
      <ClassProfile name="edu.umd.cs.findbugs.detect.OverridingEqualsNotSymmetrical" totalMilliseconds="395" invocations="339" avgMicrosecondsPerInvocation="1166" maxMicrosecondsPerInvocation="84543" standardDeviationMircosecondsPerInvocation="5593"/>
      <ClassProfile name="edu.umd.cs.findbugs.detect.LoadOfKnownNullValue" totalMilliseconds="385" invocations="237" avgMicrosecondsPerInvocation="1627" maxMicrosecondsPerInvocation="64079" standardDeviationMircosecondsPerInvocation="6254"/>
      <ClassProfile name="edu.umd.cs.findbugs.detect.CalledMethods" totalMilliseconds="385" invocations="339" avgMicrosecondsPerInvocation="1135" maxMicrosecondsPerInvocation="42558" standardDeviationMircosecondsPerInvocation="4059"/>
      <ClassProfile name="edu.umd.cs.findbugs.ba.npe.TypeQualifierNullnessAnnotationDatabase" totalMilliseconds="383" invocations="16898" avgMicrosecondsPerInvocation="22" maxMicrosecondsPerInvocation="51587" standardDeviationMircosecondsPerInvocation="584"/>
      <ClassProfile name="edu.umd.cs.findbugs.detect.FindNullDeref$CheckCallSitesAndReturnInstructions" totalMilliseconds="365" invocations="1482" avgMicrosecondsPerInvocation="246" maxMicrosecondsPerInvocation="90228" standardDeviationMircosecondsPerInvocation="2661"/>
      <ClassProfile name="edu.umd.cs.findbugs.classfile.engine.ClassDataAnalysisEngine" totalMilliseconds="330" invocations="1167" avgMicrosecondsPerInvocation="283" maxMicrosecondsPerInvocation="42368" standardDeviationMircosecondsPerInvocation="2146"/>
      <ClassProfile name="edu.umd.cs.findbugs.detect.FindInconsistentSync2" totalMilliseconds="316" invocations="237" avgMicrosecondsPerInvocation="1337" maxMicrosecondsPerInvocation="43052" standardDeviationMircosecondsPerInvocation="4642"/>
      <ClassProfile name="edu.umd.cs.findbugs.detect.BuildObligationPolicyDatabase" totalMilliseconds="315" invocations="339" avgMicrosecondsPerInvocation="930" maxMicrosecondsPerInvocation="52699" standardDeviationMircosecondsPerInvocation="3507"/>
      <ClassProfile name="edu.umd.cs.findbugs.detect.FindPuzzlers" totalMilliseconds="305" invocations="237" avgMicrosecondsPerInvocation="1288" maxMicrosecondsPerInvocation="53579" standardDeviationMircosecondsPerInvocation="5331"/>
      <ClassProfile name="edu.umd.cs.findbugs.detect.DumbMethods" totalMilliseconds="301" invocations="237" avgMicrosecondsPerInvocation="1270" maxMicrosecondsPerInvocation="31916" standardDeviationMircosecondsPerInvocation="3585"/>
      <ClassProfile name="edu.umd.cs.findbugs.detect.FindRefComparison" totalMilliseconds="295" invocations="237" avgMicrosecondsPerInvocation="1246" maxMicrosecondsPerInvocation="42427" standardDeviationMircosecondsPerInvocation="4728"/>
      <ClassProfile name="edu.umd.cs.findbugs.detect.UnreadFields" totalMilliseconds="291" invocations="237" avgMicrosecondsPerInvocation="1230" maxMicrosecondsPerInvocation="46316" standardDeviationMircosecondsPerInvocation="4483"/>
      <ClassProfile name="edu.umd.cs.findbugs.detect.FunctionsThatMightBeMistakenForProcedures" totalMilliseconds="286" invocations="339" avgMicrosecondsPerInvocation="845" maxMicrosecondsPerInvocation="28472" standardDeviationMircosecondsPerInvocation="3069"/>
      <ClassProfile name="edu.umd.cs.findbugs.classfile.engine.bcel.JavaClassAnalysisEngine" totalMilliseconds="285" invocations="586" avgMicrosecondsPerInvocation="487" maxMicrosecondsPerInvocation="46509" standardDeviationMircosecondsPerInvocation="2789"/>
      <ClassProfile name="edu.umd.cs.findbugs.detect.FindDeadLocalStores" totalMilliseconds="254" invocations="237" avgMicrosecondsPerInvocation="1073" maxMicrosecondsPerInvocation="36178" standardDeviationMircosecondsPerInvocation="4186"/>
      <ClassProfile name="edu.umd.cs.findbugs.detect.URLProblems" totalMilliseconds="251" invocations="237" avgMicrosecondsPerInvocation="1063" maxMicrosecondsPerInvocation="91934" standardDeviationMircosecondsPerInvocation="6290"/>
    </FindBugsProfile>
  </FindBugsSummary>
  <ClassFeatures></ClassFeatures>
  <History></History>
</BugCollection>
